14:48:45: Creating resource group General
14:48:45: Creating resource group Internal
14:48:45: Creating resource group Autodetect
14:48:45: SceneManagerFactory for type 'DefaultSceneManager' registered.
14:48:45: Registering ResourceManager for type Material
14:48:45: Registering ResourceManager for type Mesh
14:48:45: Registering ResourceManager for type Skeleton
14:48:45: MovableObjectFactory for type 'ParticleSystem' registered.
14:48:45: OverlayElementFactory for type Panel registered.
14:48:45: OverlayElementFactory for type BorderPanel registered.
14:48:45: OverlayElementFactory for type TextArea registered.
14:48:45: Registering ResourceManager for type Font
14:48:45: ArchiveFactory for archive type FileSystem registered.
14:48:45: ArchiveFactory for archive type Zip registered.
14:48:45: FreeImage version: 3.10.0
14:48:45: This program uses FreeImage, a free, open source image library supporting all common bitmap formats. See http://freeimage.sourceforge.net for details
14:48:45: Supported formats: bmp,ico,jpg,jif,jpeg,jpe,jng,koa,iff,lbm,mng,pbm,pbm,pcd,pcx,pgm,pgm,png,ppm,ppm,ras,tga,targa,tif,tiff,wap,wbmp,wbm,psd,cut,xbm,xpm,gif,hdr,g3,sgi,exr,j2k,j2c,jp2
14:48:45: DDS codec registering
14:48:45: Registering ResourceManager for type HighLevelGpuProgram
14:48:45: Registering ResourceManager for type Compositor
14:48:45: MovableObjectFactory for type 'Entity' registered.
14:48:45: MovableObjectFactory for type 'Light' registered.
14:48:45: MovableObjectFactory for type 'BillboardSet' registered.
14:48:45: MovableObjectFactory for type 'ManualObject' registered.
14:48:45: MovableObjectFactory for type 'BillboardChain' registered.
14:48:45: MovableObjectFactory for type 'RibbonTrail' registered.
14:48:45: *-*-* OGRE Initialising
14:48:45: *-*-* Version 1.6.3 (Shoggoth)
14:48:45: Loading library RenderSystem_GL
14:48:45: Installing plugin: GL RenderSystem
14:48:45: OpenGL Rendering Subsystem created.
14:48:45: Plugin successfully installed
14:48:45: Loading library Plugin_OctreeSceneManager
14:48:45: Installing plugin: Octree & Terrain Scene Manager
14:48:45: Plugin successfully installed
14:48:45: Loading library Plugin_ParticleFX
14:48:45: Installing plugin: ParticleFX
14:48:45: Particle Emitter Type 'Point' registered
14:48:45: Particle Emitter Type 'Box' registered
14:48:45: Particle Emitter Type 'Ellipsoid' registered
14:48:45: Particle Emitter Type 'Cylinder' registered
14:48:45: Particle Emitter Type 'Ring' registered
14:48:45: Particle Emitter Type 'HollowEllipsoid' registered
14:48:45: Particle Affector Type 'LinearForce' registered
14:48:45: Particle Affector Type 'ColourFader' registered
14:48:45: Particle Affector Type 'ColourFader2' registered
14:48:45: Particle Affector Type 'ColourImage' registered
14:48:45: Particle Affector Type 'ColourInterpolator' registered
14:48:45: Particle Affector Type 'Scaler' registered
14:48:45: Particle Affector Type 'Rotator' registered
14:48:45: Particle Affector Type 'DirectionRandomiser' registered
14:48:45: Particle Affector Type 'DeflectorPlane' registered
14:48:45: Plugin successfully installed
14:48:45: Loading library Plugin_CgProgramManager
14:48:45: Installing plugin: Cg Program Manager
14:48:45: Plugin successfully installed
14:48:45: CPU Identifier & Features
14:48:45: -------------------------
14:48:45:  *   CPU ID: GenuineIntel: Intel(R) Core(TM)2 Duo CPU     T9300  @ 2.50GHz
14:48:45:  *      SSE: yes
14:48:45:  *     SSE2: yes
14:48:45:  *     SSE3: yes
14:48:45:  *      MMX: yes
14:48:45:  *   MMXEXT: yes
14:48:45:  *    3DNOW: no
14:48:45:  * 3DNOWEXT: no
14:48:45:  *     CMOV: yes
14:48:45:  *      TSC: yes
14:48:45:  *      FPU: yes
14:48:45:  *      PRO: yes
14:48:45:  *       HT: no
14:48:45: -------------------------
14:48:45: ******************************
*** Starting GLX Subsystem ***
******************************
14:48:45: Creating resource group ogre_tools
14:48:45: Added resource location '/home/ljho/ros/stacks/visualization_common/ogre_tools/media' of type 'FileSystem' to resource group 'ogre_tools'
14:48:45: Added resource location '/home/ljho/ros/stacks/visualization_common/ogre_tools/media/fonts' of type 'FileSystem' to resource group 'ogre_tools'
14:48:45: Added resource location '/home/ljho/ros/stacks/visualization_common/ogre_tools/media/models' of type 'FileSystem' to resource group 'ogre_tools'
14:48:45: Added resource location '/home/ljho/ros/stacks/visualization_common/ogre_tools/media/materials' of type 'FileSystem' to resource group 'ogre_tools'
14:48:45: Added resource location '/home/ljho/ros/stacks/visualization_common/ogre_tools/media/materials/scripts' of type 'FileSystem' to resource group 'ogre_tools'
14:48:45: Added resource location '/home/ljho/ros/stacks/visualization_common/ogre_tools/media/materials/programs' of type 'FileSystem' to resource group 'ogre_tools'
14:48:45: GLRenderSystem::_createRenderWindow "OgreRenderWindow1", 1024x743 windowed  miscParams: externalWindowHandle=37581312:0:85983315:39707552 
14:48:45: GLXWindow::create: The externalWindowHandle parameter is deprecated.
Use the parentWindowHandle or currentGLContext parameter instead.
14:48:45: GLXWindow::create used FBConfigID = 193
14:48:45: GL_VERSION = 2.1 Mesa 7.7.1
14:48:45: GL_VENDOR = Mesa Project
14:48:45: GL_RENDERER = Software Rasterizer
14:48:45: GL_EXTENSIONS = GL_EXT_compiled_vertex_array GL_EXT_texture_env_add GL_ARB_copy_buffer GL_ARB_depth_texture GL_ARB_depth_clamp GL_ARB_draw_buffers GL_ARB_draw_elements_base_vertex GL_ARB_fragment_program GL_ARB_fragment_program_shadow GL_ARB_fragment_shader GL_ARB_framebuffer_object GL_ARB_half_float_pixel GL_ARB_imaging GL_ARB_map_buffer_range GL_ARB_multisample GL_ARB_multitexture GL_ARB_occlusion_query GL_ARB_pixel_buffer_object GL_ARB_point_parameters GL_ARB_point_sprite GL_ARB_provoking_vertex GL_ARB_shader_objects GL_ARB_shading_language_100 GL_ARB_shading_language_120 GL_ARB_shadow GL_ARB_shadow_ambient GL_ARB_sync GL_ARB_texture_border_clamp GL_ARB_texture_compression GL_ARB_texture_cube_map GL_ARB_texture_env_add GL_ARB_texture_env_combine GL_ARB_texture_env_crossbar GL_ARB_texture_env_dot3 GL_ARB_texture_mirrored_repeat GL_ARB_texture_non_power_of_two GL_ARB_texture_rectangle GL_ARB_transpose_matrix GL_ARB_vertex_array_bgra GL_ARB_vertex_array_object GL_ARB_vertex_buffer_object GL_ARB_vertex_program GL_ARB_vertex_shader GL_ARB_window_pos GL_EXT_abgr GL_EXT_bgra GL_EXT_blend_color GL_EXT_blend_equation_separate GL_EXT_blend_func_separate GL_EXT_blend_logic_op GL_EXT_blend_minmax GL_EXT_blend_subtract GL_EXT_convolution GL_EXT_copy_texture GL_EXT_depth_bounds_test GL_EXT_draw_range_elements GL_EXT_framebuffer_blit GL_EXT_framebuffer_multisample GL_EXT_framebuffer_object GL_EXT_fog_coord GL_EXT_gpu_program_parameters GL_EXT_histogram GL_EXT_multi_draw_arrays GL_EXT_packed_depth_stencil GL_EXT_packed_pixels GL_EXT_paletted_texture GL_EXT_pixel_buffer_object GL_EXT_point_parameters GL_EXT_polygon_offset GL_EXT_provoking_vertex GL_EXT_rescale_normal GL_EXT_secondary_color GL_EXT_separate_specular_color GL_EXT_shadow_funcs GL_EXT_shared_texture_palette GL_EXT_stencil_two_side GL_EXT_stencil_wrap GL_EXT_subtexture GL_EXT_texture GL_EXT_texture3D GL_EXT_texture_cube_map GL_EXT_texture_edge_clamp GL_EXT_texture_env_combine GL_EXT_texture_env_dot3 GL_EXT_texture_lod_bias GL_EXT_texture_mirror_clamp GL_EXT_texture_object GL_EXT_texture_rectangle GL_EXT_texture_sRGB GL_EXT_texture_swizzle GL_EXT_vertex_array GL_EXT_vertex_array_bgra GL_3DFX_texture_compression_FXT1 GL_APPLE_packed_pixels GL_APPLE_vertex_array_object GL_ATI_blend_equation_separate GL_ATI_envmap_bumpmap GL_ATI_texture_env_combine3 GL_ATI_texture_mirror_once GL_ATI_fragment_shader GL_ATI_separate_stencil GL_IBM_multimode_draw_arrays GL_IBM_rasterpos_clip GL_IBM_texture_mirrored_repeat GL_INGR_blend_func_separate GL_MESA_pack_invert GL_MESA_resize_buffers GL_MESA_texture_array GL_MESA_ycbcr_texture GL_MESA_window_pos GL_NV_blend_square GL_NV_depth_clamp GL_NV_fragment_program GL_NV_fragment_program_option GL_NV_light_max_exponent GL_NV_packed_depth_stencil GL_NV_point_sprite GL_NV_texture_env_combine4 GL_NV_texture_rectangle GL_NV_texgen_reflection GL_NV_vertex_program GL_NV_vertex_program1_1 GL_OES_read_format GL_SGI_color_matrix GL_SGI_color_table GL_SGI_texture_color_table GL_SGIS_generate_mipmap GL_SGIS_texture_border_clamp GL_SGIS_texture_edge_clamp GL_SGIS_texture_lod GL_SUN_multi_draw_arrays
14:48:45: Supported GLX extensions: GLX_ARB_get_proc_address GLX_ARB_multisample GLX_EXT_import_context GLX_EXT_visual_info GLX_EXT_visual_rating GLX_OML_swap_method GLX_SGIS_multisample GLX_SGIX_fbconfig GLX_SGIX_pbuffer 
14:48:45: ***************************
14:48:45: *** GL Renderer Started ***
14:48:45: ***************************
14:48:45: Registering ResourceManager for type GpuProgram
14:48:45: GLSL support detected
14:48:45: GL: Using GL_EXT_framebuffer_object for rendering to textures (best)
14:48:45: FBO PF_UNKNOWN depth/stencil support: D0S1 D0S4 D0S8 D0S16 D16S0 D16S1 D16S4 D16S8 D16S16 D24S0 D24S1 D24S4 D24S8 D24S16 D32S0 D32S1 D32S4 D32S8 D32S16 Packed-D24S8 
14:48:45: FBO PF_R5G6B5 depth/stencil support: D0S0 D0S1 D0S4 D0S8 D0S16 D16S0 D16S1 D16S4 D16S8 D16S16 D24S0 D24S1 D24S4 D24S8 D24S16 D32S0 D32S1 D32S4 D32S8 D32S16 Packed-D24S8 
14:48:45: FBO PF_B5G6R5 depth/stencil support: D0S0 D0S1 D0S4 D0S8 D0S16 D16S0 D16S1 D16S4 D16S8 D16S16 D24S0 D24S1 D24S4 D24S8 D24S16 D32S0 D32S1 D32S4 D32S8 D32S16 Packed-D24S8 
14:48:45: FBO PF_A4R4G4B4 depth/stencil support: D0S0 D0S1 D0S4 D0S8 D0S16 D16S0 D16S1 D16S4 D16S8 D16S16 D24S0 D24S1 D24S4 D24S8 D24S16 D32S0 D32S1 D32S4 D32S8 D32S16 Packed-D24S8 
14:48:45: FBO PF_A1R5G5B5 depth/stencil support: D0S0 D0S1 D0S4 D0S8 D0S16 D16S0 D16S1 D16S4 D16S8 D16S16 D24S0 D24S1 D24S4 D24S8 D24S16 D32S0 D32S1 D32S4 D32S8 D32S16 Packed-D24S8 
14:48:45: FBO PF_R8G8B8 depth/stencil support: D0S0 D0S1 D0S4 D0S8 D0S16 D16S0 D16S1 D16S4 D16S8 D16S16 D24S0 D24S1 D24S4 D24S8 D24S16 D32S0 D32S1 D32S4 D32S8 D32S16 Packed-D24S8 
14:48:45: FBO PF_B8G8R8 depth/stencil support: D0S0 D0S1 D0S4 D0S8 D0S16 D16S0 D16S1 D16S4 D16S8 D16S16 D24S0 D24S1 D24S4 D24S8 D24S16 D32S0 D32S1 D32S4 D32S8 D32S16 Packed-D24S8 
14:48:45: FBO PF_A8R8G8B8 depth/stencil support: D0S0 D0S1 D0S4 D0S8 D0S16 D16S0 D16S1 D16S4 D16S8 D16S16 D24S0 D24S1 D24S4 D24S8 D24S16 D32S0 D32S1 D32S4 D32S8 D32S16 Packed-D24S8 
14:48:45: FBO PF_B8G8R8A8 depth/stencil support: D0S0 D0S1 D0S4 D0S8 D0S16 D16S0 D16S1 D16S4 D16S8 D16S16 D24S0 D24S1 D24S4 D24S8 D24S16 D32S0 D32S1 D32S4 D32S8 D32S16 Packed-D24S8 
14:48:45: FBO PF_A2R10G10B10 depth/stencil support: D0S0 D0S1 D0S4 D0S8 D0S16 D16S0 D16S1 D16S4 D16S8 D16S16 D24S0 D24S1 D24S4 D24S8 D24S16 D32S0 D32S1 D32S4 D32S8 D32S16 Packed-D24S8 
14:48:45: FBO PF_A2B10G10R10 depth/stencil support: D0S0 D0S1 D0S4 D0S8 D0S16 D16S0 D16S1 D16S4 D16S8 D16S16 D24S0 D24S1 D24S4 D24S8 D24S16 D32S0 D32S1 D32S4 D32S8 D32S16 Packed-D24S8 
14:48:45: FBO PF_X8R8G8B8 depth/stencil support: D0S0 D0S1 D0S4 D0S8 D0S16 D16S0 D16S1 D16S4 D16S8 D16S16 D24S0 D24S1 D24S4 D24S8 D24S16 D32S0 D32S1 D32S4 D32S8 D32S16 Packed-D24S8 
14:48:45: FBO PF_X8B8G8R8 depth/stencil support: D0S0 D0S1 D0S4 D0S8 D0S16 D16S0 D16S1 D16S4 D16S8 D16S16 D24S0 D24S1 D24S4 D24S8 D24S16 D32S0 D32S1 D32S4 D32S8 D32S16 Packed-D24S8 
14:48:45: FBO PF_SHORT_RGBA depth/stencil support: D0S0 D0S1 D0S4 D0S8 D0S16 D16S0 D16S1 D16S4 D16S8 D16S16 D24S0 D24S1 D24S4 D24S8 D24S16 D32S0 D32S1 D32S4 D32S8 D32S16 Packed-D24S8 
14:48:45: FBO PF_R3G3B2 depth/stencil support: D0S0 D0S1 D0S4 D0S8 D0S16 D16S0 D16S1 D16S4 D16S8 D16S16 D24S0 D24S1 D24S4 D24S8 D24S16 D32S0 D32S1 D32S4 D32S8 D32S16 Packed-D24S8 
14:48:45: FBO PF_SHORT_RGB depth/stencil support: D0S0 D0S1 D0S4 D0S8 D0S16 D16S0 D16S1 D16S4 D16S8 D16S16 D24S0 D24S1 D24S4 D24S8 D24S16 D32S0 D32S1 D32S4 D32S8 D32S16 Packed-D24S8 
14:48:45: [GL] : Valid FBO targets PF_UNKNOWN PF_R5G6B5 PF_B5G6R5 PF_A4R4G4B4 PF_A1R5G5B5 PF_R8G8B8 PF_B8G8R8 PF_A8R8G8B8 PF_B8G8R8A8 PF_A2R10G10B10 PF_A2B10G10R10 PF_X8R8G8B8 PF_X8B8G8R8 PF_SHORT_RGBA PF_R3G3B2 PF_SHORT_RGB 
14:48:45: RenderSystem capabilities
14:48:45: -------------------------
14:48:45: RenderSystem Name: OpenGL Rendering Subsystem
14:48:45: GPU Vendor: unknown
14:48:45: Device Name: Software Rasterizer
14:48:45: Driver Version: 2.1.0.0
14:48:45:  * Fixed function pipeline: yes
14:48:45:  * Hardware generation of mipmaps: yes
14:48:45:  * Texture blending: yes
14:48:45:  * Anisotropic texture filtering: no
14:48:45:  * Dot product texture operation: yes
14:48:45:  * Cube mapping: yes
14:48:45:  * Hardware stencil buffer: yes
14:48:45:    - Stencil depth: 8
14:48:45:    - Two sided stencil support: yes
14:48:45:    - Wrap stencil values: yes
14:48:45:  * Hardware vertex / index buffers: yes
14:48:45:  * Vertex programs: yes
14:48:45:  * Fragment programs: yes
14:48:45:  * Geometry programs: no
14:48:45:  * Supported Shader Profiles: arbfp1 arbvp1 fp30 glsl ps_1_1 ps_1_2 ps_1_3 ps_1_4
14:48:45:  * Texture Compression: yes
14:48:45:    - DXT: no
14:48:45:    - VTC: no
14:48:45:  * Scissor Rectangle: yes
14:48:45:  * Hardware Occlusion Query: yes
14:48:45:  * User clip planes: yes
14:48:45:  * VET_UBYTE4 vertex element type: yes
14:48:45:  * Infinite far plane projection: yes
14:48:45:  * Hardware render-to-texture: yes
14:48:45:  * Floating point textures: no
14:48:45:  * Non-power-of-two textures: yes
14:48:45:  * Volume textures: yes
14:48:45:  * Multiple Render Targets: 4
14:48:45:    - With different bit depths: yes
14:48:45:  * Point Sprites: yes
14:48:45:  * Extended point parameters: yes
14:48:45:  * Max Point Size: 60
14:48:45:  * Vertex texture fetch: yes
14:48:45:    - Max vertex textures: 16
14:48:45:    - Vertex textures shared: yes
14:48:45:  * Render to Vertex Buffer : no
14:48:45:  * GL 1.5 without VBO workaround: no
14:48:45:  * Frame Buffer objects: yes
14:48:45:  * Frame Buffer objects (ARB extension): no
14:48:45:  * Frame Buffer objects (ATI extension): no
14:48:45:  * PBuffer suppport: no
14:48:45:  * GL 1.5 without HW-occlusion workaround: no
14:48:45: Registering ResourceManager for type Texture
14:48:45: ResourceBackgroundQueue - threading disabled
14:48:45: Particle Renderer Type 'billboard' registered
14:48:45: SceneManagerFactory for type 'OctreeSceneManager' registered.
14:48:45: SceneManagerFactory for type 'TerrainSceneManager' registered.
14:48:46: Added resource location '/home/ljho/ros/stacks/visualization/rviz/ogre_media/textures' of type 'FileSystem' to resource group 'General'
14:48:46: Parsing scripts for resource group Autodetect
14:48:46: Finished parsing scripts for resource group Autodetect
14:48:46: Parsing scripts for resource group General
14:48:46: Finished parsing scripts for resource group General
14:48:46: Parsing scripts for resource group Internal
14:48:46: Finished parsing scripts for resource group Internal
14:48:46: Parsing scripts for resource group ogre_tools
14:48:46: Parsing script point_cloud_box.program
14:48:46: Parsing script passthrough.program
14:48:46: Parsing script point_cloud_billboard.program
14:48:46: Parsing script point_cloud_point.program
14:48:46: Parsing script point_cloud_billboard.material
14:48:46: Parsing script point_cloud_point.material
14:48:46: Parsing script point_cloud_box.material
14:48:46: Parsing script arial.fontdef
14:48:46: Finished parsing scripts for resource group ogre_tools
14:48:47: Mesh: Loading ogre_tools_sphere.mesh.
14:48:47: Mesh: Loading ogre_tools_cylinder.mesh.
14:48:47: Mesh: Loading ogre_tools_cone.mesh.
14:48:47: Texture: SelectionRect0Texture: Loading 1 faces(PF_R8G8B8A8,1x1x1) with  hardware generated mipmaps from Image. Internal format is PF_A8R8G8B8,1x1x1.
14:48:47: Mesh: Loading ogre_tools_cube.mesh.
14:48:47: Texture: Robot Link Material00RobotPickTexture: Loading 1 faces(PF_R8G8B8,1x1x1) with  hardware generated mipmaps from Image. Internal format is PF_X8R8G8B8,1x1x1.
14:48:47: Texture: Robot Link Material01RobotPickTexture: Loading 1 faces(PF_R8G8B8,1x1x1) with  hardware generated mipmaps from Image. Internal format is PF_X8R8G8B8,1x1x1.
14:48:47: Texture: Robot Link Material02RobotPickTexture: Loading 1 faces(PF_R8G8B8,1x1x1) with  hardware generated mipmaps from Image. Internal format is PF_X8R8G8B8,1x1x1.
14:48:47: Texture: Robot Link Material03RobotPickTexture: Loading 1 faces(PF_R8G8B8,1x1x1) with  hardware generated mipmaps from Image. Internal format is PF_X8R8G8B8,1x1x1.
14:48:47: Texture: Robot Link Material04RobotPickTexture: Loading 1 faces(PF_R8G8B8,1x1x1) with  hardware generated mipmaps from Image. Internal format is PF_X8R8G8B8,1x1x1.
14:48:47: Texture: Robot Link Material05RobotPickTexture: Loading 1 faces(PF_R8G8B8,1x1x1) with  hardware generated mipmaps from Image. Internal format is PF_X8R8G8B8,1x1x1.
14:48:47: Texture: Robot Link Material06RobotPickTexture: Loading 1 faces(PF_R8G8B8,1x1x1) with  hardware generated mipmaps from Image. Internal format is PF_X8R8G8B8,1x1x1.
14:48:47: Texture: Robot Link Material07RobotPickTexture: Loading 1 faces(PF_R8G8B8,1x1x1) with  hardware generated mipmaps from Image. Internal format is PF_X8R8G8B8,1x1x1.
14:48:47: Texture: Robot Link Material08RobotPickTexture: Loading 1 faces(PF_R8G8B8,1x1x1) with  hardware generated mipmaps from Image. Internal format is PF_X8R8G8B8,1x1x1.
14:48:47: Texture: Robot Link Material09RobotPickTexture: Loading 1 faces(PF_R8G8B8,1x1x1) with  hardware generated mipmaps from Image. Internal format is PF_X8R8G8B8,1x1x1.
14:48:47: Texture: Robot Link Material010RobotPickTexture: Loading 1 faces(PF_R8G8B8,1x1x1) with  hardware generated mipmaps from Image. Internal format is PF_X8R8G8B8,1x1x1.
14:48:58: *-*-* OGRE Shutdown
14:48:58: Unregistering ResourceManager for type Compositor
14:48:58: Unregistering ResourceManager for type Font
14:48:58: Unregistering ResourceManager for type Skeleton
14:48:58: Unregistering ResourceManager for type Mesh
14:48:58: Unregistering ResourceManager for type HighLevelGpuProgram
14:48:58: Uninstalling plugin: Cg Program Manager
14:48:58: Plugin successfully uninstalled
14:48:58: Unloading library Plugin_CgProgramManager
14:48:58: Uninstalling plugin: ParticleFX
14:48:58: Plugin successfully uninstalled
14:48:58: Unloading library Plugin_ParticleFX
14:48:58: Uninstalling plugin: Octree & Terrain Scene Manager
14:48:58: Plugin successfully uninstalled
14:48:58: Unloading library Plugin_OctreeSceneManager
14:48:58: Uninstalling plugin: GL RenderSystem
14:48:58: Unregistering ResourceManager for type GpuProgram
14:48:58: ******************************
*** Stopping GLX Subsystem ***
******************************
14:48:58: Unregistering ResourceManager for type Texture
