12:00:08: Creating resource group General
12:00:08: Creating resource group Internal
12:00:08: Creating resource group Autodetect
12:00:08: SceneManagerFactory for type 'DefaultSceneManager' registered.
12:00:08: Registering ResourceManager for type Material
12:00:08: Registering ResourceManager for type Mesh
12:00:08: Registering ResourceManager for type Skeleton
12:00:08: MovableObjectFactory for type 'ParticleSystem' registered.
12:00:08: OverlayElementFactory for type Panel registered.
12:00:08: OverlayElementFactory for type BorderPanel registered.
12:00:08: OverlayElementFactory for type TextArea registered.
12:00:08: Registering ResourceManager for type Font
12:00:08: ArchiveFactory for archive type FileSystem registered.
12:00:08: ArchiveFactory for archive type Zip registered.
12:00:08: FreeImage version: 3.10.0
12:00:08: This program uses FreeImage, a free, open source image library supporting all common bitmap formats. See http://freeimage.sourceforge.net for details
12:00:08: Supported formats: bmp,ico,jpg,jif,jpeg,jpe,jng,koa,iff,lbm,mng,pbm,pbm,pcd,pcx,pgm,pgm,png,ppm,ppm,ras,tga,targa,tif,tiff,wap,wbmp,wbm,psd,cut,xbm,xpm,gif,hdr,g3,sgi,exr,j2k,j2c,jp2
12:00:08: DDS codec registering
12:00:08: Registering ResourceManager for type HighLevelGpuProgram
12:00:08: Registering ResourceManager for type Compositor
12:00:08: MovableObjectFactory for type 'Entity' registered.
12:00:08: MovableObjectFactory for type 'Light' registered.
12:00:08: MovableObjectFactory for type 'BillboardSet' registered.
12:00:08: MovableObjectFactory for type 'ManualObject' registered.
12:00:08: MovableObjectFactory for type 'BillboardChain' registered.
12:00:08: MovableObjectFactory for type 'RibbonTrail' registered.
12:00:08: *-*-* OGRE Initialising
12:00:08: *-*-* Version 1.6.3 (Shoggoth)
12:00:08: Loading library RenderSystem_GL
12:00:08: Installing plugin: GL RenderSystem
12:00:08: OpenGL Rendering Subsystem created.
12:00:08: Plugin successfully installed
12:00:08: Loading library Plugin_OctreeSceneManager
12:00:08: Installing plugin: Octree & Terrain Scene Manager
12:00:08: Plugin successfully installed
12:00:08: Loading library Plugin_ParticleFX
12:00:08: Installing plugin: ParticleFX
12:00:08: Particle Emitter Type 'Point' registered
12:00:08: Particle Emitter Type 'Box' registered
12:00:08: Particle Emitter Type 'Ellipsoid' registered
12:00:08: Particle Emitter Type 'Cylinder' registered
12:00:08: Particle Emitter Type 'Ring' registered
12:00:08: Particle Emitter Type 'HollowEllipsoid' registered
12:00:08: Particle Affector Type 'LinearForce' registered
12:00:08: Particle Affector Type 'ColourFader' registered
12:00:08: Particle Affector Type 'ColourFader2' registered
12:00:08: Particle Affector Type 'ColourImage' registered
12:00:08: Particle Affector Type 'ColourInterpolator' registered
12:00:08: Particle Affector Type 'Scaler' registered
12:00:08: Particle Affector Type 'Rotator' registered
12:00:08: Particle Affector Type 'DirectionRandomiser' registered
12:00:08: Particle Affector Type 'DeflectorPlane' registered
12:00:08: Plugin successfully installed
12:00:08: Loading library Plugin_CgProgramManager
12:00:08: Installing plugin: Cg Program Manager
12:00:08: Plugin successfully installed
12:00:08: CPU Identifier & Features
12:00:08: -------------------------
12:00:08:  *   CPU ID: GenuineIntel: Intel(R) Core(TM)2 Duo CPU     P7350  @ 2.00GHz
12:00:08:  *      SSE: yes
12:00:08:  *     SSE2: yes
12:00:08:  *     SSE3: yes
12:00:08:  *      MMX: yes
12:00:08:  *   MMXEXT: yes
12:00:08:  *    3DNOW: no
12:00:08:  * 3DNOWEXT: no
12:00:08:  *     CMOV: yes
12:00:08:  *      TSC: yes
12:00:08:  *      FPU: yes
12:00:08:  *      PRO: yes
12:00:08:  *       HT: no
12:00:08: -------------------------
12:00:08: ******************************
*** Starting GLX Subsystem ***
******************************
12:00:08: Creating resource group ogre_tools
12:00:08: Added resource location '/home/kitty/ros/stacks/visualization_common/ogre_tools/media' of type 'FileSystem' to resource group 'ogre_tools'
12:00:08: Added resource location '/home/kitty/ros/stacks/visualization_common/ogre_tools/media/fonts' of type 'FileSystem' to resource group 'ogre_tools'
12:00:08: Added resource location '/home/kitty/ros/stacks/visualization_common/ogre_tools/media/models' of type 'FileSystem' to resource group 'ogre_tools'
12:00:08: Added resource location '/home/kitty/ros/stacks/visualization_common/ogre_tools/media/materials' of type 'FileSystem' to resource group 'ogre_tools'
12:00:08: Added resource location '/home/kitty/ros/stacks/visualization_common/ogre_tools/media/materials/scripts' of type 'FileSystem' to resource group 'ogre_tools'
12:00:08: Added resource location '/home/kitty/ros/stacks/visualization_common/ogre_tools/media/materials/programs' of type 'FileSystem' to resource group 'ogre_tools'
12:00:08: GLRenderSystem::_createRenderWindow "OgreRenderWindow1", 899x688 windowed  miscParams: externalWindowHandle=34427856:0:77594701:36215104 
12:00:08: GLXWindow::create: The externalWindowHandle parameter is deprecated.
Use the parentWindowHandle or currentGLContext parameter instead.
12:00:08: GLXWindow::create used FBConfigID = 117
12:00:08: GL_VERSION = 3.2.0 NVIDIA 195.36.24
12:00:08: GL_VENDOR = NVIDIA Corporation
12:00:08: GL_RENDERER = GeForce GTX 260M/PCI/SSE2
12:00:08: GL_EXTENSIONS = GL_ARB_color_buffer_float GL_ARB_compatibility GL_ARB_copy_buffer GL_ARB_depth_buffer_float GL_ARB_depth_clamp GL_ARB_depth_texture GL_ARB_draw_buffers GL_ARB_draw_elements_base_vertex GL_ARB_draw_instanced GL_ARB_fragment_coord_conventions GL_ARB_fragment_program GL_ARB_fragment_program_shadow GL_ARB_fragment_shader GL_ARB_framebuffer_object GL_ARB_framebuffer_sRGB GL_ARB_geometry_shader4 GL_ARB_half_float_pixel GL_ARB_half_float_vertex GL_ARB_imaging GL_ARB_map_buffer_range GL_ARB_multisample GL_ARB_multitexture GL_ARB_occlusion_query GL_ARB_pixel_buffer_object GL_ARB_point_parameters GL_ARB_point_sprite GL_ARB_provoking_vertex GL_ARB_seamless_cube_map GL_ARB_shader_objects GL_ARB_shading_language_100 GL_ARB_shadow GL_ARB_sync GL_ARB_texture_border_clamp GL_ARB_texture_buffer_object GL_ARB_texture_compression GL_ARB_texture_compression_rgtc GL_ARB_texture_cube_map GL_ARB_texture_env_add GL_ARB_texture_env_combine GL_ARB_texture_env_crossbar GL_ARB_texture_env_dot3 GL_ARB_texture_float GL_ARB_texture_mirrored_repeat GL_ARB_texture_multisample GL_ARB_texture_non_power_of_two GL_ARB_texture_rectangle GL_ARB_texture_rg GL_ARB_transpose_matrix GL_ARB_uniform_buffer_object GL_ARB_vertex_array_bgra GL_ARB_vertex_array_object GL_ARB_vertex_buffer_object GL_ARB_vertex_program GL_ARB_vertex_shader GL_ARB_window_pos GL_ATI_draw_buffers GL_ATI_texture_float GL_ATI_texture_mirror_once GL_S3_s3tc GL_EXT_texture_env_add GL_EXT_abgr GL_EXT_bgra GL_EXT_bindable_uniform GL_EXT_blend_color GL_EXT_blend_equation_separate GL_EXT_blend_func_separate GL_EXT_blend_minmax GL_EXT_blend_subtract GL_EXT_compiled_vertex_array GL_EXT_Cg_shader GL_EXT_depth_bounds_test GL_EXT_direct_state_access GL_EXT_draw_buffers2 GL_EXT_draw_instanced GL_EXT_draw_range_elements GL_EXT_fog_coord GL_EXT_framebuffer_blit GL_EXT_framebuffer_multisample GL_EXTX_framebuffer_mixed_formats GL_EXT_framebuffer_object GL_EXT_framebuffer_sRGB GL_EXT_geometry_shader4 GL_EXT_gpu_program_parameters GL_EXT_gpu_shader4 GL_EXT_multi_draw_arrays GL_EXT_packed_depth_stencil GL_EXT_packed_float GL_EXT_packed_pixels GL_EXT_pixel_buffer_object GL_EXT_point_parameters GL_EXT_provoking_vertex GL_EXT_rescale_normal GL_EXT_secondary_color GL_EXT_separate_shader_objects GL_EXT_separate_specular_color GL_EXT_shadow_funcs GL_EXT_stencil_two_side GL_EXT_stencil_wrap GL_EXT_texture3D GL_EXT_texture_array GL_EXT_texture_buffer_object GL_EXT_texture_compression_latc GL_EXT_texture_compression_rgtc GL_EXT_texture_compression_s3tc GL_EXT_texture_cube_map GL_EXT_texture_edge_clamp GL_EXT_texture_env_combine GL_EXT_texture_env_dot3 GL_EXT_texture_filter_anisotropic GL_EXT_texture_integer GL_EXT_texture_lod GL_EXT_texture_lod_bias GL_EXT_texture_mirror_clamp GL_EXT_texture_object GL_EXT_texture_shared_exponent GL_EXT_texture_sRGB GL_EXT_texture_swizzle GL_EXT_timer_query GL_EXT_vertex_array GL_EXT_vertex_array_bgra GL_IBM_rasterpos_clip GL_IBM_texture_mirrored_repeat GL_KTX_buffer_region GL_NV_blend_square GL_NV_conditional_render GL_NV_copy_depth_to_color GL_NV_copy_image GL_NV_depth_buffer_float GL_NV_depth_clamp GL_NV_explicit_multisample GL_NV_fence GL_NV_float_buffer GL_NV_fog_distance GL_NV_fragment_program GL_NV_fragment_program_option GL_NV_fragment_program2 GL_NV_framebuffer_multisample_coverage GL_NV_geometry_shader4 GL_NV_gpu_program4 GL_NV_half_float GL_NV_light_max_exponent GL_NV_multisample_coverage GL_NV_multisample_filter_hint GL_NV_occlusion_query GL_NV_packed_depth_stencil GL_NV_parameter_buffer_object GL_NV_parameter_buffer_object2 GL_NV_pixel_data_range GL_NV_point_sprite GL_NV_primitive_restart GL_NV_register_combiners GL_NV_register_combiners2 GL_NV_shader_buffer_load GL_NV_texgen_reflection GL_NV_texture_barrier GL_NV_texture_compression_vtc GL_NV_texture_env_combine4 GL_NV_texture_expand_normal GL_NV_texture_rectangle GL_NV_texture_shader GL_NV_texture_shader2 GL_NV_texture_shader3 GL_NV_transform_feedback GL_NV_vertex_array_range GL_NV_vertex_array_range2 GL_NV_vertex_buffer_unified_memory GL_NV_vertex_program GL_NV_vertex_program1_1 GL_NV_vertex_program2 GL_NV_vertex_program2_option GL_NV_vertex_program3 GL_NVX_conditional_render GL_NVX_gpu_memory_info GL_SGIS_generate_mipmap GL_SGIS_texture_lod GL_SGIX_depth_texture GL_SGIX_shadow GL_SUN_slice_accum 
12:00:08: Supported GLX extensions: GLX_EXT_visual_info GLX_EXT_visual_rating GLX_SGIX_fbconfig GLX_SGIX_pbuffer GLX_SGI_video_sync GLX_SGI_swap_control GLX_EXT_swap_control GLX_EXT_texture_from_pixmap GLX_ARB_create_context GLX_ARB_create_context_profile GLX_ARB_multisample GLX_NV_float_buffer GLX_ARB_fbconfig_float GLX_EXT_framebuffer_sRGB GLX_ARB_get_proc_address 
12:00:08: ***************************
12:00:08: *** GL Renderer Started ***
12:00:08: ***************************
12:00:08: Registering ResourceManager for type GpuProgram
12:00:08: GLSL support detected
12:00:08: GL: Using GL_EXT_framebuffer_object for rendering to textures (best)
12:00:08: FBO PF_UNKNOWN depth/stencil support: D16S0 D24S0 D32S0 Packed-D24S8 
12:00:08: FBO PF_L8 depth/stencil support: D0S0 D16S0 D24S0 D32S0 Packed-D24S8 
12:00:08: FBO PF_A8 depth/stencil support: D0S0 D16S0 D24S0 D32S0 Packed-D24S8 
12:00:08: FBO PF_A4L4 depth/stencil support: D0S0 D16S0 D24S0 D32S0 Packed-D24S8 
12:00:08: FBO PF_BYTE_LA depth/stencil support: D0S0 D16S0 D24S0 D32S0 Packed-D24S8 
12:00:08: FBO PF_R5G6B5 depth/stencil support: D0S0 D16S0 D24S0 D32S0 Packed-D24S8 
12:00:09: FBO PF_B5G6R5 depth/stencil support: D0S0 D16S0 D24S0 D32S0 Packed-D24S8 
12:00:09: FBO PF_A1R5G5B5 depth/stencil support: D0S0 D16S0 D24S0 D32S0 Packed-D24S8 
12:00:09: FBO PF_R8G8B8 depth/stencil support: D0S0 D16S0 D24S0 D32S0 Packed-D24S8 
12:00:09: FBO PF_B8G8R8 depth/stencil support: D0S0 D16S0 D24S0 D32S0 Packed-D24S8 
12:00:09: FBO PF_A8R8G8B8 depth/stencil support: D0S0 D16S0 D24S0 D32S0 Packed-D24S8 
12:00:09: FBO PF_B8G8R8A8 depth/stencil support: D0S0 D16S0 D24S0 D32S0 Packed-D24S8 
12:00:09: FBO PF_A2R10G10B10 depth/stencil support: D0S0 D16S0 D24S0 D32S0 Packed-D24S8 
12:00:09: FBO PF_A2B10G10R10 depth/stencil support: D0S0 D16S0 D24S0 D32S0 Packed-D24S8 
12:00:09: FBO PF_FLOAT16_RGB depth/stencil support: D0S0 D16S0 D24S0 D32S0 Packed-D24S8 
12:00:09: FBO PF_FLOAT16_RGBA depth/stencil support: D0S0 D16S0 D24S0 D32S0 Packed-D24S8 
12:00:09: FBO PF_FLOAT32_RGB depth/stencil support: D0S0 D16S0 D24S0 D32S0 Packed-D24S8 
12:00:09: FBO PF_FLOAT32_RGBA depth/stencil support: D0S0 D16S0 D24S0 D32S0 Packed-D24S8 
12:00:09: FBO PF_X8R8G8B8 depth/stencil support: D0S0 D16S0 D24S0 D32S0 Packed-D24S8 
12:00:09: FBO PF_X8B8G8R8 depth/stencil support: D0S0 D16S0 D24S0 D32S0 Packed-D24S8 
12:00:09: FBO PF_SHORT_RGBA depth/stencil support: D0S0 D16S0 D24S0 D32S0 Packed-D24S8 
12:00:09: FBO PF_R3G3B2 depth/stencil support: D0S0 D16S0 D24S0 D32S0 Packed-D24S8 
12:00:09: FBO PF_FLOAT16_R depth/stencil support: D0S0 D16S0 D24S0 D32S0 Packed-D24S8 
12:00:09: FBO PF_FLOAT32_R depth/stencil support: D0S0 D16S0 D24S0 D32S0 Packed-D24S8 
12:00:09: FBO PF_FLOAT16_GR depth/stencil support: D0S0 D16S0 D24S0 D32S0 Packed-D24S8 
12:00:09: FBO PF_FLOAT32_GR depth/stencil support: D0S0 D16S0 D24S0 D32S0 Packed-D24S8 
12:00:09: FBO PF_SHORT_RGB depth/stencil support: D0S0 D16S0 D24S0 D32S0 Packed-D24S8 
12:00:09: [GL] : Valid FBO targets PF_UNKNOWN PF_L8 PF_A8 PF_A4L4 PF_BYTE_LA PF_R5G6B5 PF_B5G6R5 PF_A1R5G5B5 PF_R8G8B8 PF_B8G8R8 PF_A8R8G8B8 PF_B8G8R8A8 PF_A2R10G10B10 PF_A2B10G10R10 PF_FLOAT16_RGB PF_FLOAT16_RGBA PF_FLOAT32_RGB PF_FLOAT32_RGBA PF_X8R8G8B8 PF_X8B8G8R8 PF_SHORT_RGBA PF_R3G3B2 PF_FLOAT16_R PF_FLOAT32_R PF_FLOAT16_GR PF_FLOAT32_GR PF_SHORT_RGB 
12:00:09: RenderSystem capabilities
12:00:09: -------------------------
12:00:09: RenderSystem Name: OpenGL Rendering Subsystem
12:00:09: GPU Vendor: nvidia
12:00:09: Device Name: GeForce GTX 260M/PCI/SSE2
12:00:09: Driver Version: 3.2.0.0
12:00:09:  * Fixed function pipeline: yes
12:00:09:  * Hardware generation of mipmaps: yes
12:00:09:  * Texture blending: yes
12:00:09:  * Anisotropic texture filtering: yes
12:00:09:  * Dot product texture operation: yes
12:00:09:  * Cube mapping: yes
12:00:09:  * Hardware stencil buffer: yes
12:00:09:    - Stencil depth: 8
12:00:09:    - Two sided stencil support: yes
12:00:09:    - Wrap stencil values: yes
12:00:09:  * Hardware vertex / index buffers: yes
12:00:09:  * Vertex programs: yes
12:00:09:  * Fragment programs: yes
12:00:09:  * Geometry programs: yes
12:00:09:  * Supported Shader Profiles: arbfp1 arbvp1 fp20 fp30 fp40 glsl gp4gp gpu_gp nvgp4 vp30 vp40
12:00:09:  * Texture Compression: yes
12:00:09:    - DXT: yes
12:00:09:    - VTC: yes
12:00:09:  * Scissor Rectangle: yes
12:00:09:  * Hardware Occlusion Query: yes
12:00:09:  * User clip planes: yes
12:00:09:  * VET_UBYTE4 vertex element type: yes
12:00:09:  * Infinite far plane projection: yes
12:00:09:  * Hardware render-to-texture: yes
12:00:09:  * Floating point textures: yes
12:00:09:  * Non-power-of-two textures: yes
12:00:09:  * Volume textures: yes
12:00:09:  * Multiple Render Targets: 8
12:00:09:    - With different bit depths: yes
12:00:09:  * Point Sprites: yes
12:00:09:  * Extended point parameters: yes
12:00:09:  * Max Point Size: 63.375
12:00:09:  * Vertex texture fetch: yes
12:00:09:    - Max vertex textures: 32
12:00:09:    - Vertex textures shared: yes
12:00:09:  * Render to Vertex Buffer : yes
12:00:09:  * GL 1.5 without VBO workaround: no
12:00:09:  * Frame Buffer objects: yes
12:00:09:  * Frame Buffer objects (ARB extension): no
12:00:09:  * Frame Buffer objects (ATI extension): no
12:00:09:  * PBuffer suppport: no
12:00:09:  * GL 1.5 without HW-occlusion workaround: no
12:00:09: Registering ResourceManager for type Texture
12:00:09: ResourceBackgroundQueue - threading disabled
12:00:09: Particle Renderer Type 'billboard' registered
12:00:09: SceneManagerFactory for type 'OctreeSceneManager' registered.
12:00:09: SceneManagerFactory for type 'TerrainSceneManager' registered.
12:00:09: Added resource location '/home/kitty/ros/stacks/visualization/rviz/ogre_media/textures' of type 'FileSystem' to resource group 'General'
12:00:09: Parsing scripts for resource group Autodetect
12:00:09: Finished parsing scripts for resource group Autodetect
12:00:09: Parsing scripts for resource group General
12:00:09: Finished parsing scripts for resource group General
12:00:09: Parsing scripts for resource group Internal
12:00:09: Finished parsing scripts for resource group Internal
12:00:09: Parsing scripts for resource group ogre_tools
12:00:09: Parsing script point_cloud_box.program
12:00:09: Parsing script passthrough.program
12:00:09: Parsing script point_cloud_billboard.program
12:00:09: Parsing script point_cloud_point.program
12:00:09: Parsing script point_cloud_box.material
12:00:09: Parsing script point_cloud_point.material
12:00:09: Parsing script point_cloud_billboard.material
12:00:09: Parsing script arial.fontdef
12:00:09: Finished parsing scripts for resource group ogre_tools
12:00:09: Mesh: Loading ogre_tools_sphere.mesh.
12:00:09: Mesh: Loading ogre_tools_cylinder.mesh.
12:00:09: Mesh: Loading ogre_tools_cone.mesh.
12:00:09: Texture: SelectionRect0Texture: Loading 1 faces(PF_R8G8B8A8,1x1x1) with 0 generated mipmaps from Image. Internal format is PF_A8R8G8B8,1x1x1.
12:00:10: Mesh: Loading ogre_tools_cube.mesh.
12:00:10: Texture: Robot Link Material00RobotPickTexture: Loading 1 faces(PF_R8G8B8,1x1x1) with 0 generated mipmaps from Image. Internal format is PF_X8R8G8B8,1x1x1.
12:00:10: Mesh: Loading package://p2os_urdf/meshes/p3dx_meshes/back_sonar.stl.
12:00:10: OGRE EXCEPTION(6:FileNotFoundException): Cannot locate resource package://p2os_urdf/meshes/p3dx_meshes/back_sonar.stl in resource group Autodetect or any other group. in ResourceGroupManager::openResource at OgreResourceGroupManager.cpp (line 753)
12:00:10: Texture: Robot Link Material01RobotPickTexture: Loading 1 faces(PF_R8G8B8,1x1x1) with 0 generated mipmaps from Image. Internal format is PF_X8R8G8B8,1x1x1.
12:00:10: Mesh: Loading package://p2os_urdf/meshes/p3dx_meshes/back_rim.stl.
12:00:10: OGRE EXCEPTION(6:FileNotFoundException): Cannot locate resource package://p2os_urdf/meshes/p3dx_meshes/back_rim.stl in resource group Autodetect or any other group. in ResourceGroupManager::openResource at OgreResourceGroupManager.cpp (line 753)
12:00:10: Texture: Robot Link Material02RobotPickTexture: Loading 1 faces(PF_R8G8B8,1x1x1) with 0 generated mipmaps from Image. Internal format is PF_X8R8G8B8,1x1x1.
12:00:10: Texture: Robot Link Material03RobotPickTexture: Loading 1 faces(PF_R8G8B8,1x1x1) with 0 generated mipmaps from Image. Internal format is PF_X8R8G8B8,1x1x1.
12:00:10: Texture: package://bandit_urdf/meshes/bandit_mesh/reflect1.jpg: Loading 1 faces(PF_R8G8B8,50x38x1) with 5 generated mipmaps from Image. Internal format is PF_X8R8G8B8,50x38x1.
12:00:10: Texture: Robot Link Material04RobotPickTexture: Loading 1 faces(PF_R8G8B8,1x1x1) with 0 generated mipmaps from Image. Internal format is PF_X8R8G8B8,1x1x1.
12:00:10: Texture: Robot Link Material05RobotPickTexture: Loading 1 faces(PF_R8G8B8,1x1x1) with 0 generated mipmaps from Image. Internal format is PF_X8R8G8B8,1x1x1.
12:00:10: Texture: Robot Link Material06RobotPickTexture: Loading 1 faces(PF_R8G8B8,1x1x1) with 0 generated mipmaps from Image. Internal format is PF_X8R8G8B8,1x1x1.
12:00:10: Texture: Robot Link Material07RobotPickTexture: Loading 1 faces(PF_R8G8B8,1x1x1) with 0 generated mipmaps from Image. Internal format is PF_X8R8G8B8,1x1x1.
12:00:10: Texture: Robot Link Material08RobotPickTexture: Loading 1 faces(PF_R8G8B8,1x1x1) with 0 generated mipmaps from Image. Internal format is PF_X8R8G8B8,1x1x1.
12:00:10: Texture: Robot Link Material09RobotPickTexture: Loading 1 faces(PF_R8G8B8,1x1x1) with 0 generated mipmaps from Image. Internal format is PF_X8R8G8B8,1x1x1.
12:00:10: Texture: Robot Link Material010RobotPickTexture: Loading 1 faces(PF_R8G8B8,1x1x1) with 0 generated mipmaps from Image. Internal format is PF_X8R8G8B8,1x1x1.
12:00:10: Texture: Robot Link Material011RobotPickTexture: Loading 1 faces(PF_R8G8B8,1x1x1) with 0 generated mipmaps from Image. Internal format is PF_X8R8G8B8,1x1x1.
12:00:10: Texture: Robot Link Material012RobotPickTexture: Loading 1 faces(PF_R8G8B8,1x1x1) with 0 generated mipmaps from Image. Internal format is PF_X8R8G8B8,1x1x1.
12:00:11: Texture: Robot Link Material013RobotPickTexture: Loading 1 faces(PF_R8G8B8,1x1x1) with 0 generated mipmaps from Image. Internal format is PF_X8R8G8B8,1x1x1.
12:00:11: Mesh: Loading package://p2os_urdf/meshes/p3dx_meshes/center_hubcap.stl.
12:00:11: OGRE EXCEPTION(6:FileNotFoundException): Cannot locate resource package://p2os_urdf/meshes/p3dx_meshes/center_hubcap.stl in resource group Autodetect or any other group. in ResourceGroupManager::openResource at OgreResourceGroupManager.cpp (line 753)
12:00:11: Texture: Robot Link Material014RobotPickTexture: Loading 1 faces(PF_R8G8B8,1x1x1) with 0 generated mipmaps from Image. Internal format is PF_X8R8G8B8,1x1x1.
12:00:11: Mesh: Loading package://p2os_urdf/meshes/p3dx_meshes/center_wheel.stl.
12:00:11: OGRE EXCEPTION(6:FileNotFoundException): Cannot locate resource package://p2os_urdf/meshes/p3dx_meshes/center_wheel.stl in resource group Autodetect or any other group. in ResourceGroupManager::openResource at OgreResourceGroupManager.cpp (line 753)
12:00:11: Texture: Robot Link Material015RobotPickTexture: Loading 1 faces(PF_R8G8B8,1x1x1) with 0 generated mipmaps from Image. Internal format is PF_X8R8G8B8,1x1x1.
12:00:11: Mesh: Loading package://p2os_urdf/meshes/p3dx_meshes/chassis.stl.
12:00:11: OGRE EXCEPTION(6:FileNotFoundException): Cannot locate resource package://p2os_urdf/meshes/p3dx_meshes/chassis.stl in resource group Autodetect or any other group. in ResourceGroupManager::openResource at OgreResourceGroupManager.cpp (line 753)
12:00:11: Texture: Robot Link Material016RobotPickTexture: Loading 1 faces(PF_R8G8B8,1x1x1) with 0 generated mipmaps from Image. Internal format is PF_X8R8G8B8,1x1x1.
12:00:11: Mesh: Loading package://p2os_urdf/meshes/p3dx_meshes/front_sonar.stl.
12:00:11: OGRE EXCEPTION(6:FileNotFoundException): Cannot locate resource package://p2os_urdf/meshes/p3dx_meshes/front_sonar.stl in resource group Autodetect or any other group. in ResourceGroupManager::openResource at OgreResourceGroupManager.cpp (line 753)
12:00:11: Texture: Robot Link Material017RobotPickTexture: Loading 1 faces(PF_R8G8B8,1x1x1) with 0 generated mipmaps from Image. Internal format is PF_X8R8G8B8,1x1x1.
12:00:11: Mesh: Loading package://p2os_urdf/meshes/p3dx_meshes/front_rim.stl.
12:00:11: OGRE EXCEPTION(6:FileNotFoundException): Cannot locate resource package://p2os_urdf/meshes/p3dx_meshes/front_rim.stl in resource group Autodetect or any other group. in ResourceGroupManager::openResource at OgreResourceGroupManager.cpp (line 753)
12:00:11: Texture: Robot Link Material018RobotPickTexture: Loading 1 faces(PF_R8G8B8,1x1x1) with 0 generated mipmaps from Image. Internal format is PF_X8R8G8B8,1x1x1.
12:00:11: Texture: Robot Link Material019RobotPickTexture: Loading 1 faces(PF_R8G8B8,1x1x1) with 0 generated mipmaps from Image. Internal format is PF_X8R8G8B8,1x1x1.
12:00:11: Texture: Robot Link Material020RobotPickTexture: Loading 1 faces(PF_R8G8B8,1x1x1) with 0 generated mipmaps from Image. Internal format is PF_X8R8G8B8,1x1x1.
12:00:11: Texture: Robot Link Material021RobotPickTexture: Loading 1 faces(PF_R8G8B8,1x1x1) with 0 generated mipmaps from Image. Internal format is PF_X8R8G8B8,1x1x1.
12:00:11: Texture: Robot Link Material022RobotPickTexture: Loading 1 faces(PF_R8G8B8,1x1x1) with 0 generated mipmaps from Image. Internal format is PF_X8R8G8B8,1x1x1.
12:00:11: Texture: Robot Link Material023RobotPickTexture: Loading 1 faces(PF_R8G8B8,1x1x1) with 0 generated mipmaps from Image. Internal format is PF_X8R8G8B8,1x1x1.
12:00:12: Texture: Robot Link Material024RobotPickTexture: Loading 1 faces(PF_R8G8B8,1x1x1) with 0 generated mipmaps from Image. Internal format is PF_X8R8G8B8,1x1x1.
12:00:12: Texture: Robot Link Material025RobotPickTexture: Loading 1 faces(PF_R8G8B8,1x1x1) with 0 generated mipmaps from Image. Internal format is PF_X8R8G8B8,1x1x1.
12:00:12: Mesh: Loading package://p2os_urdf/meshes/p3dx_meshes/left_hubcap.stl.
12:00:12: OGRE EXCEPTION(6:FileNotFoundException): Cannot locate resource package://p2os_urdf/meshes/p3dx_meshes/left_hubcap.stl in resource group Autodetect or any other group. in ResourceGroupManager::openResource at OgreResourceGroupManager.cpp (line 753)
12:00:12: Texture: Robot Link Material026RobotPickTexture: Loading 1 faces(PF_R8G8B8,1x1x1) with 0 generated mipmaps from Image. Internal format is PF_X8R8G8B8,1x1x1.
12:00:12: Mesh: Loading package://p2os_urdf/meshes/p3dx_meshes/left_wheel.stl.
12:00:12: OGRE EXCEPTION(6:FileNotFoundException): Cannot locate resource package://p2os_urdf/meshes/p3dx_meshes/left_wheel.stl in resource group Autodetect or any other group. in ResourceGroupManager::openResource at OgreResourceGroupManager.cpp (line 753)
12:00:12: OGRE EXCEPTION(5:ItemIdentityException): Cannot locate a resource group called 'rviz' for resource 'package://bandit_urdf/meshes/bandit_mesh/tire1.jpg' in ResourceGroupManager::openResource at OgreResourceGroupManager.cpp (line 685)
12:00:12: Error loading texture package://bandit_urdf/meshes/bandit_mesh/tire1.jpg. Texture layer will be blank. Loading the texture failed with the following exception: OGRE EXCEPTION(5:ItemIdentityException): Cannot locate a resource group called 'rviz' for resource 'package://bandit_urdf/meshes/bandit_mesh/tire1.jpg' in ResourceGroupManager::openResource at OgreResourceGroupManager.cpp (line 685)
12:00:12: OGRE EXCEPTION(5:ItemIdentityException): Cannot locate a resource group called 'rviz' for resource 'package://bandit_urdf/meshes/bandit_mesh/tire1.jpg' in ResourceGroupManager::openResource at OgreResourceGroupManager.cpp (line 685)
12:00:12: Error loading texture package://bandit_urdf/meshes/bandit_mesh/tire1.jpg. Texture layer will be blank. Loading the texture failed with the following exception: OGRE EXCEPTION(5:ItemIdentityException): Cannot locate a resource group called 'rviz' for resource 'package://bandit_urdf/meshes/bandit_mesh/tire1.jpg' in ResourceGroupManager::openResource at OgreResourceGroupManager.cpp (line 685)
12:00:12: Texture: Robot Link Material027RobotPickTexture: Loading 1 faces(PF_R8G8B8,1x1x1) with 0 generated mipmaps from Image. Internal format is PF_X8R8G8B8,1x1x1.
12:00:12: Mesh: Loading package://p2os_urdf/meshes/p3dx_meshes/right_hubcap.stl.
12:00:12: OGRE EXCEPTION(6:FileNotFoundException): Cannot locate resource package://p2os_urdf/meshes/p3dx_meshes/right_hubcap.stl in resource group Autodetect or any other group. in ResourceGroupManager::openResource at OgreResourceGroupManager.cpp (line 753)
12:00:12: Texture: Robot Link Material028RobotPickTexture: Loading 1 faces(PF_R8G8B8,1x1x1) with 0 generated mipmaps from Image. Internal format is PF_X8R8G8B8,1x1x1.
12:00:12: Mesh: Loading package://p2os_urdf/meshes/p3dx_meshes/right_wheel.stl.
12:00:12: OGRE EXCEPTION(6:FileNotFoundException): Cannot locate resource package://p2os_urdf/meshes/p3dx_meshes/right_wheel.stl in resource group Autodetect or any other group. in ResourceGroupManager::openResource at OgreResourceGroupManager.cpp (line 753)
12:00:12: OGRE EXCEPTION(5:ItemIdentityException): Cannot locate a resource group called 'rviz' for resource 'package://bandit_urdf/meshes/bandit_mesh/tire1.jpg' in ResourceGroupManager::openResource at OgreResourceGroupManager.cpp (line 685)
12:00:12: Error loading texture package://bandit_urdf/meshes/bandit_mesh/tire1.jpg. Texture layer will be blank. Loading the texture failed with the following exception: OGRE EXCEPTION(5:ItemIdentityException): Cannot locate a resource group called 'rviz' for resource 'package://bandit_urdf/meshes/bandit_mesh/tire1.jpg' in ResourceGroupManager::openResource at OgreResourceGroupManager.cpp (line 685)
12:00:12: OGRE EXCEPTION(5:ItemIdentityException): Cannot locate a resource group called 'rviz' for resource 'package://bandit_urdf/meshes/bandit_mesh/tire1.jpg' in ResourceGroupManager::openResource at OgreResourceGroupManager.cpp (line 685)
12:00:12: Error loading texture package://bandit_urdf/meshes/bandit_mesh/tire1.jpg. Texture layer will be blank. Loading the texture failed with the following exception: OGRE EXCEPTION(5:ItemIdentityException): Cannot locate a resource group called 'rviz' for resource 'package://bandit_urdf/meshes/bandit_mesh/tire1.jpg' in ResourceGroupManager::openResource at OgreResourceGroupManager.cpp (line 685)
12:00:12: Texture: Robot Link Material029RobotPickTexture: Loading 1 faces(PF_R8G8B8,1x1x1) with 0 generated mipmaps from Image. Internal format is PF_X8R8G8B8,1x1x1.
12:00:12: Texture: Robot Link Material030RobotPickTexture: Loading 1 faces(PF_R8G8B8,1x1x1) with 0 generated mipmaps from Image. Internal format is PF_X8R8G8B8,1x1x1.
12:00:12: Texture: Robot Link Material031RobotPickTexture: Loading 1 faces(PF_R8G8B8,1x1x1) with 0 generated mipmaps from Image. Internal format is PF_X8R8G8B8,1x1x1.
12:00:12: Texture: Robot Link Material032RobotPickTexture: Loading 1 faces(PF_R8G8B8,1x1x1) with 0 generated mipmaps from Image. Internal format is PF_X8R8G8B8,1x1x1.
12:00:12: Texture: Robot Link Material033RobotPickTexture: Loading 1 faces(PF_R8G8B8,1x1x1) with 0 generated mipmaps from Image. Internal format is PF_X8R8G8B8,1x1x1.
12:00:12: Texture: Robot Link Material034RobotPickTexture: Loading 1 faces(PF_R8G8B8,1x1x1) with 0 generated mipmaps from Image. Internal format is PF_X8R8G8B8,1x1x1.
12:00:12: Texture: Robot Link Material035RobotPickTexture: Loading 1 faces(PF_R8G8B8,1x1x1) with 0 generated mipmaps from Image. Internal format is PF_X8R8G8B8,1x1x1.
12:00:13: Texture: Robot Link Material036RobotPickTexture: Loading 1 faces(PF_R8G8B8,1x1x1) with 0 generated mipmaps from Image. Internal format is PF_X8R8G8B8,1x1x1.
12:00:13: Texture: Robot Link Material037RobotPickTexture: Loading 1 faces(PF_R8G8B8,1x1x1) with 0 generated mipmaps from Image. Internal format is PF_X8R8G8B8,1x1x1.
12:00:13: Texture: Robot Link Material038RobotPickTexture: Loading 1 faces(PF_R8G8B8,1x1x1) with 0 generated mipmaps from Image. Internal format is PF_X8R8G8B8,1x1x1.
12:00:13: Texture: Robot Link Material039RobotPickTexture: Loading 1 faces(PF_R8G8B8,1x1x1) with 0 generated mipmaps from Image. Internal format is PF_X8R8G8B8,1x1x1.
12:00:13: Texture: Robot Link Material040RobotPickTexture: Loading 1 faces(PF_R8G8B8,1x1x1) with 0 generated mipmaps from Image. Internal format is PF_X8R8G8B8,1x1x1.
12:00:13: Texture: Robot Link Material041RobotPickTexture: Loading 1 faces(PF_R8G8B8,1x1x1) with 0 generated mipmaps from Image. Internal format is PF_X8R8G8B8,1x1x1.
12:00:13: Texture: Robot Link Material042RobotPickTexture: Loading 1 faces(PF_R8G8B8,1x1x1) with 0 generated mipmaps from Image. Internal format is PF_X8R8G8B8,1x1x1.
12:00:13: Texture: Robot Link Material043RobotPickTexture: Loading 1 faces(PF_R8G8B8,1x1x1) with 0 generated mipmaps from Image. Internal format is PF_X8R8G8B8,1x1x1.
12:00:13: Texture: Robot Link Material044RobotPickTexture: Loading 1 faces(PF_R8G8B8,1x1x1) with 0 generated mipmaps from Image. Internal format is PF_X8R8G8B8,1x1x1.
12:00:13: Texture: Robot Link Material045RobotPickTexture: Loading 1 faces(PF_R8G8B8,1x1x1) with 0 generated mipmaps from Image. Internal format is PF_X8R8G8B8,1x1x1.
12:00:13: Texture: Robot Link Material046RobotPickTexture: Loading 1 faces(PF_R8G8B8,1x1x1) with 0 generated mipmaps from Image. Internal format is PF_X8R8G8B8,1x1x1.
12:00:13: Texture: Robot Link Material047RobotPickTexture: Loading 1 faces(PF_R8G8B8,1x1x1) with 0 generated mipmaps from Image. Internal format is PF_X8R8G8B8,1x1x1.
12:00:13: Texture: Robot Link Material048RobotPickTexture: Loading 1 faces(PF_R8G8B8,1x1x1) with 0 generated mipmaps from Image. Internal format is PF_X8R8G8B8,1x1x1.
12:00:13: Texture: Robot Link Material049RobotPickTexture: Loading 1 faces(PF_R8G8B8,1x1x1) with 0 generated mipmaps from Image. Internal format is PF_X8R8G8B8,1x1x1.
12:00:13: Texture: Robot Link Material050RobotPickTexture: Loading 1 faces(PF_R8G8B8,1x1x1) with 0 generated mipmaps from Image. Internal format is PF_X8R8G8B8,1x1x1.
12:00:13: Texture: Robot Link Material051RobotPickTexture: Loading 1 faces(PF_R8G8B8,1x1x1) with 0 generated mipmaps from Image. Internal format is PF_X8R8G8B8,1x1x1.
12:00:13: Texture: Robot Link Material052RobotPickTexture: Loading 1 faces(PF_R8G8B8,1x1x1) with 0 generated mipmaps from Image. Internal format is PF_X8R8G8B8,1x1x1.
12:00:13: Texture: Robot Link Material053RobotPickTexture: Loading 1 faces(PF_R8G8B8,1x1x1) with 0 generated mipmaps from Image. Internal format is PF_X8R8G8B8,1x1x1.
12:00:13: Texture: Robot Link Material054RobotPickTexture: Loading 1 faces(PF_R8G8B8,1x1x1) with 0 generated mipmaps from Image. Internal format is PF_X8R8G8B8,1x1x1.
12:00:13: Texture: Robot Link Material055RobotPickTexture: Loading 1 faces(PF_R8G8B8,1x1x1) with 0 generated mipmaps from Image. Internal format is PF_X8R8G8B8,1x1x1.
12:00:13: Texture: Robot Link Material056RobotPickTexture: Loading 1 faces(PF_R8G8B8,1x1x1) with 0 generated mipmaps from Image. Internal format is PF_X8R8G8B8,1x1x1.
12:00:13: Texture: Robot Link Material057RobotPickTexture: Loading 1 faces(PF_R8G8B8,1x1x1) with 0 generated mipmaps from Image. Internal format is PF_X8R8G8B8,1x1x1.
12:00:13: Texture: Robot Link Material058RobotPickTexture: Loading 1 faces(PF_R8G8B8,1x1x1) with 0 generated mipmaps from Image. Internal format is PF_X8R8G8B8,1x1x1.
12:00:13: Texture: Robot Link Material059RobotPickTexture: Loading 1 faces(PF_R8G8B8,1x1x1) with 0 generated mipmaps from Image. Internal format is PF_X8R8G8B8,1x1x1.
12:00:13: Texture: Robot Link Material060RobotPickTexture: Loading 1 faces(PF_R8G8B8,1x1x1) with 0 generated mipmaps from Image. Internal format is PF_X8R8G8B8,1x1x1.
12:00:13: Texture: Robot Link Material061RobotPickTexture: Loading 1 faces(PF_R8G8B8,1x1x1) with 0 generated mipmaps from Image. Internal format is PF_X8R8G8B8,1x1x1.
12:00:13: Texture: Robot Link Material062RobotPickTexture: Loading 1 faces(PF_R8G8B8,1x1x1) with 0 generated mipmaps from Image. Internal format is PF_X8R8G8B8,1x1x1.
12:00:13: Texture: Robot Link Material063RobotPickTexture: Loading 1 faces(PF_R8G8B8,1x1x1) with 0 generated mipmaps from Image. Internal format is PF_X8R8G8B8,1x1x1.
12:00:13: Texture: Robot Link Material064RobotPickTexture: Loading 1 faces(PF_R8G8B8,1x1x1) with 0 generated mipmaps from Image. Internal format is PF_X8R8G8B8,1x1x1.
12:00:13: Texture: Robot Link Material065RobotPickTexture: Loading 1 faces(PF_R8G8B8,1x1x1) with 0 generated mipmaps from Image. Internal format is PF_X8R8G8B8,1x1x1.
12:00:13: Texture: Robot Link Material066RobotPickTexture: Loading 1 faces(PF_R8G8B8,1x1x1) with 0 generated mipmaps from Image. Internal format is PF_X8R8G8B8,1x1x1.
12:00:13: Texture: Robot Link Material067RobotPickTexture: Loading 1 faces(PF_R8G8B8,1x1x1) with 0 generated mipmaps from Image. Internal format is PF_X8R8G8B8,1x1x1.
12:00:13: Texture: Robot Link Material068RobotPickTexture: Loading 1 faces(PF_R8G8B8,1x1x1) with 0 generated mipmaps from Image. Internal format is PF_X8R8G8B8,1x1x1.
12:00:13: Texture: Robot Link Material069RobotPickTexture: Loading 1 faces(PF_R8G8B8,1x1x1) with 0 generated mipmaps from Image. Internal format is PF_X8R8G8B8,1x1x1.
12:00:13: Texture: Robot Link Material070RobotPickTexture: Loading 1 faces(PF_R8G8B8,1x1x1) with 0 generated mipmaps from Image. Internal format is PF_X8R8G8B8,1x1x1.
12:00:13: Texture: Robot Link Material071RobotPickTexture: Loading 1 faces(PF_R8G8B8,1x1x1) with 0 generated mipmaps from Image. Internal format is PF_X8R8G8B8,1x1x1.
12:00:13: Texture: Robot Link Material072RobotPickTexture: Loading 1 faces(PF_R8G8B8,1x1x1) with 0 generated mipmaps from Image. Internal format is PF_X8R8G8B8,1x1x1.
12:00:13: Texture: Robot Link Material073RobotPickTexture: Loading 1 faces(PF_R8G8B8,1x1x1) with 0 generated mipmaps from Image. Internal format is PF_X8R8G8B8,1x1x1.
12:00:13: Texture: Robot Link Material074RobotPickTexture: Loading 1 faces(PF_R8G8B8,1x1x1) with 0 generated mipmaps from Image. Internal format is PF_X8R8G8B8,1x1x1.
12:00:13: Texture: Robot Link Material075RobotPickTexture: Loading 1 faces(PF_R8G8B8,1x1x1) with 0 generated mipmaps from Image. Internal format is PF_X8R8G8B8,1x1x1.
12:00:13: Texture: Robot Link Material076RobotPickTexture: Loading 1 faces(PF_R8G8B8,1x1x1) with 0 generated mipmaps from Image. Internal format is PF_X8R8G8B8,1x1x1.
12:00:13: Texture: Robot Link Material077RobotPickTexture: Loading 1 faces(PF_R8G8B8,1x1x1) with 0 generated mipmaps from Image. Internal format is PF_X8R8G8B8,1x1x1.
12:00:13: Texture: Robot Link Material078RobotPickTexture: Loading 1 faces(PF_R8G8B8,1x1x1) with 0 generated mipmaps from Image. Internal format is PF_X8R8G8B8,1x1x1.
12:00:13: Texture: Robot Link Material079RobotPickTexture: Loading 1 faces(PF_R8G8B8,1x1x1) with 0 generated mipmaps from Image. Internal format is PF_X8R8G8B8,1x1x1.
12:00:13: Texture: Robot Link Material080RobotPickTexture: Loading 1 faces(PF_R8G8B8,1x1x1) with 0 generated mipmaps from Image. Internal format is PF_X8R8G8B8,1x1x1.
12:00:13: Texture: Robot Link Material081RobotPickTexture: Loading 1 faces(PF_R8G8B8,1x1x1) with 0 generated mipmaps from Image. Internal format is PF_X8R8G8B8,1x1x1.
12:00:13: Texture: Robot Link Material082RobotPickTexture: Loading 1 faces(PF_R8G8B8,1x1x1) with 0 generated mipmaps from Image. Internal format is PF_X8R8G8B8,1x1x1.
12:00:13: Texture: Robot Link Material083RobotPickTexture: Loading 1 faces(PF_R8G8B8,1x1x1) with 0 generated mipmaps from Image. Internal format is PF_X8R8G8B8,1x1x1.
12:00:13: Texture: Robot Link Material084RobotPickTexture: Loading 1 faces(PF_R8G8B8,1x1x1) with 0 generated mipmaps from Image. Internal format is PF_X8R8G8B8,1x1x1.
12:00:13: Texture: Robot Link Material085RobotPickTexture: Loading 1 faces(PF_R8G8B8,1x1x1) with 0 generated mipmaps from Image. Internal format is PF_X8R8G8B8,1x1x1.
12:00:13: Texture: Robot Link Material086RobotPickTexture: Loading 1 faces(PF_R8G8B8,1x1x1) with 0 generated mipmaps from Image. Internal format is PF_X8R8G8B8,1x1x1.
12:00:13: Texture: Robot Link Material087RobotPickTexture: Loading 1 faces(PF_R8G8B8,1x1x1) with 0 generated mipmaps from Image. Internal format is PF_X8R8G8B8,1x1x1.
12:00:13: Texture: Robot Link Material088RobotPickTexture: Loading 1 faces(PF_R8G8B8,1x1x1) with 0 generated mipmaps from Image. Internal format is PF_X8R8G8B8,1x1x1.
12:00:13: Texture: Robot Link Material089RobotPickTexture: Loading 1 faces(PF_R8G8B8,1x1x1) with 0 generated mipmaps from Image. Internal format is PF_X8R8G8B8,1x1x1.
12:00:13: Texture: Robot Link Material090RobotPickTexture: Loading 1 faces(PF_R8G8B8,1x1x1) with 0 generated mipmaps from Image. Internal format is PF_X8R8G8B8,1x1x1.
12:00:13: Texture: Robot Link Material091RobotPickTexture: Loading 1 faces(PF_R8G8B8,1x1x1) with 0 generated mipmaps from Image. Internal format is PF_X8R8G8B8,1x1x1.
12:00:13: Texture: Robot Link Material092RobotPickTexture: Loading 1 faces(PF_R8G8B8,1x1x1) with 0 generated mipmaps from Image. Internal format is PF_X8R8G8B8,1x1x1.
12:00:13: Texture: Robot Link Material093RobotPickTexture: Loading 1 faces(PF_R8G8B8,1x1x1) with 0 generated mipmaps from Image. Internal format is PF_X8R8G8B8,1x1x1.
12:00:13: Texture: Robot Link Material094RobotPickTexture: Loading 1 faces(PF_R8G8B8,1x1x1) with 0 generated mipmaps from Image. Internal format is PF_X8R8G8B8,1x1x1.
12:00:13: Texture: Robot Link Material095RobotPickTexture: Loading 1 faces(PF_R8G8B8,1x1x1) with 0 generated mipmaps from Image. Internal format is PF_X8R8G8B8,1x1x1.
12:00:13: Texture: Robot Link Material096RobotPickTexture: Loading 1 faces(PF_R8G8B8,1x1x1) with 0 generated mipmaps from Image. Internal format is PF_X8R8G8B8,1x1x1.
12:00:13: Texture: Robot Link Material097RobotPickTexture: Loading 1 faces(PF_R8G8B8,1x1x1) with 0 generated mipmaps from Image. Internal format is PF_X8R8G8B8,1x1x1.
12:00:13: Texture: Robot Link Material098RobotPickTexture: Loading 1 faces(PF_R8G8B8,1x1x1) with 0 generated mipmaps from Image. Internal format is PF_X8R8G8B8,1x1x1.
12:00:13: Texture: Robot Link Material099RobotPickTexture: Loading 1 faces(PF_R8G8B8,1x1x1) with 0 generated mipmaps from Image. Internal format is PF_X8R8G8B8,1x1x1.
12:00:13: Texture: Robot Link Material0100RobotPickTexture: Loading 1 faces(PF_R8G8B8,1x1x1) with 0 generated mipmaps from Image. Internal format is PF_X8R8G8B8,1x1x1.
12:00:13: Texture: Robot Link Material0101RobotPickTexture: Loading 1 faces(PF_R8G8B8,1x1x1) with 0 generated mipmaps from Image. Internal format is PF_X8R8G8B8,1x1x1.
12:00:13: Texture: Robot Link Material0102RobotPickTexture: Loading 1 faces(PF_R8G8B8,1x1x1) with 0 generated mipmaps from Image. Internal format is PF_X8R8G8B8,1x1x1.
12:00:13: Texture: Robot Link Material0103RobotPickTexture: Loading 1 faces(PF_R8G8B8,1x1x1) with 0 generated mipmaps from Image. Internal format is PF_X8R8G8B8,1x1x1.
12:00:13: Texture: Robot Link Material0104RobotPickTexture: Loading 1 faces(PF_R8G8B8,1x1x1) with 0 generated mipmaps from Image. Internal format is PF_X8R8G8B8,1x1x1.
12:00:13: Texture: Robot Link Material0105RobotPickTexture: Loading 1 faces(PF_R8G8B8,1x1x1) with 0 generated mipmaps from Image. Internal format is PF_X8R8G8B8,1x1x1.
12:00:13: Texture: Robot Link Material0106RobotPickTexture: Loading 1 faces(PF_R8G8B8,1x1x1) with 0 generated mipmaps from Image. Internal format is PF_X8R8G8B8,1x1x1.
12:00:13: Mesh: Loading package://p2os_urdf/meshes/p3dx_meshes/swivel.stl.
12:00:13: OGRE EXCEPTION(6:FileNotFoundException): Cannot locate resource package://p2os_urdf/meshes/p3dx_meshes/swivel.stl in resource group Autodetect or any other group. in ResourceGroupManager::openResource at OgreResourceGroupManager.cpp (line 753)
12:00:13: Texture: Robot Link Material0107RobotPickTexture: Loading 1 faces(PF_R8G8B8,1x1x1) with 0 generated mipmaps from Image. Internal format is PF_X8R8G8B8,1x1x1.
12:00:13: Mesh: Loading package://p2os_urdf/meshes/p3dx_meshes/top.stl.
12:00:13: OGRE EXCEPTION(6:FileNotFoundException): Cannot locate resource package://p2os_urdf/meshes/p3dx_meshes/top.stl in resource group Autodetect or any other group. in ResourceGroupManager::openResource at OgreResourceGroupManager.cpp (line 753)
12:00:13: Texture: Robot Link Material0108RobotPickTexture: Loading 1 faces(PF_R8G8B8,1x1x1) with 0 generated mipmaps from Image. Internal format is PF_X8R8G8B8,1x1x1.
12:00:13: OGRE EXCEPTION(5:ItemIdentityException): Cannot locate a resource group called 'rviz' for resource 'package://bandit_urdf/meshes/bandit_mesh/tire1.jpg' in ResourceGroupManager::openResource at OgreResourceGroupManager.cpp (line 685)
12:00:13: Error loading texture package://bandit_urdf/meshes/bandit_mesh/tire1.jpg. Texture layer will be blank. Loading the texture failed with the following exception: OGRE EXCEPTION(5:ItemIdentityException): Cannot locate a resource group called 'rviz' for resource 'package://bandit_urdf/meshes/bandit_mesh/tire1.jpg' in ResourceGroupManager::openResource at OgreResourceGroupManager.cpp (line 685)
12:00:13: OGRE EXCEPTION(5:ItemIdentityException): Cannot locate a resource group called 'rviz' for resource 'package://bandit_urdf/meshes/bandit_mesh/tire1.jpg' in ResourceGroupManager::openResource at OgreResourceGroupManager.cpp (line 685)
12:00:13: Error loading texture package://bandit_urdf/meshes/bandit_mesh/tire1.jpg. Texture layer will be blank. Loading the texture failed with the following exception: OGRE EXCEPTION(5:ItemIdentityException): Cannot locate a resource group called 'rviz' for resource 'package://bandit_urdf/meshes/bandit_mesh/tire1.jpg' in ResourceGroupManager::openResource at OgreResourceGroupManager.cpp (line 685)
12:00:13: OGRE EXCEPTION(5:ItemIdentityException): Cannot locate a resource group called 'rviz' for resource 'package://bandit_urdf/meshes/bandit_mesh/tire1.jpg' in ResourceGroupManager::openResource at OgreResourceGroupManager.cpp (line 685)
12:00:13: Error loading texture package://bandit_urdf/meshes/bandit_mesh/tire1.jpg. Texture layer will be blank. Loading the texture failed with the following exception: OGRE EXCEPTION(5:ItemIdentityException): Cannot locate a resource group called 'rviz' for resource 'package://bandit_urdf/meshes/bandit_mesh/tire1.jpg' in ResourceGroupManager::openResource at OgreResourceGroupManager.cpp (line 685)
12:00:13: OGRE EXCEPTION(5:ItemIdentityException): Cannot locate a resource group called 'rviz' for resource 'package://bandit_urdf/meshes/bandit_mesh/tire1.jpg' in ResourceGroupManager::openResource at OgreResourceGroupManager.cpp (line 685)
12:00:13: Error loading texture package://bandit_urdf/meshes/bandit_mesh/tire1.jpg. Texture layer will be blank. Loading the texture failed with the following exception: OGRE EXCEPTION(5:ItemIdentityException): Cannot locate a resource group called 'rviz' for resource 'package://bandit_urdf/meshes/bandit_mesh/tire1.jpg' in ResourceGroupManager::openResource at OgreResourceGroupManager.cpp (line 685)
12:00:20: *-*-* OGRE Shutdown
12:00:20: Unregistering ResourceManager for type Compositor
12:00:20: Unregistering ResourceManager for type Font
12:00:20: Unregistering ResourceManager for type Skeleton
12:00:20: Unregistering ResourceManager for type Mesh
12:00:20: Unregistering ResourceManager for type HighLevelGpuProgram
12:00:20: Uninstalling plugin: Cg Program Manager
12:00:20: Plugin successfully uninstalled
12:00:20: Unloading library Plugin_CgProgramManager
12:00:20: Uninstalling plugin: ParticleFX
12:00:20: Plugin successfully uninstalled
12:00:20: Unloading library Plugin_ParticleFX
12:00:20: Uninstalling plugin: Octree & Terrain Scene Manager
12:00:20: Plugin successfully uninstalled
12:00:20: Unloading library Plugin_OctreeSceneManager
12:00:20: Uninstalling plugin: GL RenderSystem
12:00:20: Unregistering ResourceManager for type GpuProgram
12:00:20: ******************************
*** Stopping GLX Subsystem ***
******************************
12:00:20: Unregistering ResourceManager for type Texture
12:00:20: Plugin successfully uninstalled
12:00:20: Unloading library RenderSystem_GL
12:00:20: Unregistering ResourceManager for type Material
