16:07:38: Creating resource group General
16:07:38: Creating resource group Internal
16:07:38: Creating resource group Autodetect
16:07:38: SceneManagerFactory for type 'DefaultSceneManager' registered.
16:07:38: Registering ResourceManager for type Material
16:07:38: Registering ResourceManager for type Mesh
16:07:38: Registering ResourceManager for type Skeleton
16:07:38: MovableObjectFactory for type 'ParticleSystem' registered.
16:07:38: OverlayElementFactory for type Panel registered.
16:07:38: OverlayElementFactory for type BorderPanel registered.
16:07:38: OverlayElementFactory for type TextArea registered.
16:07:38: Registering ResourceManager for type Font
16:07:38: ArchiveFactory for archive type FileSystem registered.
16:07:38: ArchiveFactory for archive type Zip registered.
16:07:38: FreeImage version: 3.10.0
16:07:38: This program uses FreeImage, a free, open source image library supporting all common bitmap formats. See http://freeimage.sourceforge.net for details
16:07:38: Supported formats: bmp,ico,jpg,jif,jpeg,jpe,jng,koa,iff,lbm,mng,pbm,pbm,pcd,pcx,pgm,pgm,png,ppm,ppm,ras,tga,targa,tif,tiff,wap,wbmp,wbm,psd,cut,xbm,xpm,gif,hdr,g3,sgi,exr,j2k,j2c,jp2
16:07:38: DDS codec registering
16:07:38: Registering ResourceManager for type HighLevelGpuProgram
16:07:38: Registering ResourceManager for type Compositor
16:07:38: MovableObjectFactory for type 'Entity' registered.
16:07:38: MovableObjectFactory for type 'Light' registered.
16:07:38: MovableObjectFactory for type 'BillboardSet' registered.
16:07:38: MovableObjectFactory for type 'ManualObject' registered.
16:07:38: MovableObjectFactory for type 'BillboardChain' registered.
16:07:38: MovableObjectFactory for type 'RibbonTrail' registered.
16:07:38: *-*-* OGRE Initialising
16:07:38: *-*-* Version 1.6.3 (Shoggoth)
16:07:38: Loading library RenderSystem_GL
16:07:38: Installing plugin: GL RenderSystem
16:07:38: OpenGL Rendering Subsystem created.
16:07:38: Plugin successfully installed
16:07:38: Loading library Plugin_OctreeSceneManager
16:07:38: Installing plugin: Octree & Terrain Scene Manager
16:07:38: Plugin successfully installed
16:07:38: Loading library Plugin_ParticleFX
16:07:38: Installing plugin: ParticleFX
16:07:38: Particle Emitter Type 'Point' registered
16:07:38: Particle Emitter Type 'Box' registered
16:07:38: Particle Emitter Type 'Ellipsoid' registered
16:07:38: Particle Emitter Type 'Cylinder' registered
16:07:38: Particle Emitter Type 'Ring' registered
16:07:38: Particle Emitter Type 'HollowEllipsoid' registered
16:07:38: Particle Affector Type 'LinearForce' registered
16:07:38: Particle Affector Type 'ColourFader' registered
16:07:38: Particle Affector Type 'ColourFader2' registered
16:07:38: Particle Affector Type 'ColourImage' registered
16:07:38: Particle Affector Type 'ColourInterpolator' registered
16:07:38: Particle Affector Type 'Scaler' registered
16:07:38: Particle Affector Type 'Rotator' registered
16:07:38: Particle Affector Type 'DirectionRandomiser' registered
16:07:38: Particle Affector Type 'DeflectorPlane' registered
16:07:38: Plugin successfully installed
16:07:38: Loading library Plugin_CgProgramManager
16:07:38: Installing plugin: Cg Program Manager
16:07:38: Plugin successfully installed
16:07:38: CPU Identifier & Features
16:07:38: -------------------------
16:07:38:  *   CPU ID: GenuineIntel: Intel(R) Pentium(R) 4 CPU 2.80GHz
16:07:38:  *      SSE: yes
16:07:38:  *     SSE2: yes
16:07:38:  *     SSE3: no
16:07:38:  *      MMX: yes
16:07:38:  *   MMXEXT: yes
16:07:38:  *    3DNOW: no
16:07:38:  * 3DNOWEXT: no
16:07:38:  *     CMOV: yes
16:07:38:  *      TSC: yes
16:07:38:  *      FPU: yes
16:07:38:  *      PRO: no
16:07:38:  *       HT: yes
16:07:38: -------------------------
16:07:38: ******************************
*** Starting GLX Subsystem ***
******************************
16:07:38: Creating resource group ogre_tools
16:07:38: Added resource location '/home/gavin/ros/stacks/visualization_common/ogre_tools/media' of type 'FileSystem' to resource group 'ogre_tools'
16:07:38: Added resource location '/home/gavin/ros/stacks/visualization_common/ogre_tools/media/fonts' of type 'FileSystem' to resource group 'ogre_tools'
16:07:38: Added resource location '/home/gavin/ros/stacks/visualization_common/ogre_tools/media/models' of type 'FileSystem' to resource group 'ogre_tools'
16:07:38: Added resource location '/home/gavin/ros/stacks/visualization_common/ogre_tools/media/materials' of type 'FileSystem' to resource group 'ogre_tools'
16:07:38: Added resource location '/home/gavin/ros/stacks/visualization_common/ogre_tools/media/materials/scripts' of type 'FileSystem' to resource group 'ogre_tools'
16:07:38: Added resource location '/home/gavin/ros/stacks/visualization_common/ogre_tools/media/materials/programs' of type 'FileSystem' to resource group 'ogre_tools'
16:07:38: GLRenderSystem::_createRenderWindow "OgreRenderWindow1", 1278x944 windowed  miscParams: externalWindowHandle=158881752:0:69206093:160265168 
16:07:38: GLXWindow::create: The externalWindowHandle parameter is deprecated.
Use the parentWindowHandle or currentGLContext parameter instead.
16:07:38: GLXWindow::create used FBConfigID = 153
16:07:38: GL_VERSION = 2.1.2 NVIDIA 195.36.24
16:07:38: GL_VENDOR = NVIDIA Corporation
16:07:38: GL_RENDERER = GeForce 6200/PCI/SSE2
16:07:38: GL_EXTENSIONS = GL_ARB_color_buffer_float GL_ARB_copy_buffer GL_ARB_depth_clamp GL_ARB_depth_texture GL_ARB_draw_buffers GL_ARB_fragment_program GL_ARB_fragment_program_shadow GL_ARB_fragment_shader GL_ARB_framebuffer_object GL_ARB_half_float_pixel GL_ARB_half_float_vertex GL_ARB_imaging GL_ARB_map_buffer_range GL_ARB_multisample GL_ARB_multitexture GL_ARB_occlusion_query GL_ARB_pixel_buffer_object GL_ARB_point_parameters GL_ARB_point_sprite GL_ARB_provoking_vertex GL_ARB_shader_objects GL_ARB_shading_language_100 GL_ARB_shadow GL_ARB_texture_border_clamp GL_ARB_texture_compression GL_ARB_texture_cube_map GL_ARB_texture_env_add GL_ARB_texture_env_combine GL_ARB_texture_env_crossbar GL_ARB_texture_env_dot3 GL_ARB_texture_float GL_ARB_texture_mirrored_repeat GL_ARB_texture_non_power_of_two GL_ARB_texture_rectangle GL_ARB_transpose_matrix GL_ARB_vertex_array_bgra GL_ARB_vertex_array_object GL_ARB_vertex_buffer_object GL_ARB_vertex_program GL_ARB_vertex_shader GL_ARB_window_pos GL_ATI_draw_buffers GL_ATI_texture_float GL_ATI_texture_mirror_once GL_S3_s3tc GL_EXT_texture_env_add GL_EXT_abgr GL_EXT_bgra GL_EXT_blend_color GL_EXT_blend_equation_separate GL_EXT_blend_func_separate GL_EXT_blend_minmax GL_EXT_blend_subtract GL_EXT_compiled_vertex_array GL_EXT_Cg_shader GL_EXT_depth_bounds_test GL_EXT_direct_state_access GL_EXT_draw_range_elements GL_EXT_fog_coord GL_EXT_framebuffer_blit GL_EXT_framebuffer_multisample GL_EXT_framebuffer_object GL_EXT_gpu_program_parameters GL_EXT_multi_draw_arrays GL_EXT_packed_depth_stencil GL_EXT_packed_pixels GL_EXT_pixel_buffer_object GL_EXT_point_parameters GL_EXT_provoking_vertex GL_EXT_rescale_normal GL_EXT_secondary_color GL_EXT_separate_shader_objects GL_EXT_separate_specular_color GL_EXT_shadow_funcs GL_EXT_stencil_two_side GL_EXT_stencil_wrap GL_EXT_texture3D GL_EXT_texture_compression_s3tc GL_EXT_texture_cube_map GL_EXT_texture_edge_clamp GL_EXT_texture_env_combine GL_EXT_texture_env_dot3 GL_EXT_texture_filter_anisotropic GL_EXT_texture_lod GL_EXT_texture_lod_bias GL_EXT_texture_mirror_clamp GL_EXT_texture_object GL_EXT_texture_sRGB GL_EXT_texture_swizzle GL_EXT_timer_query GL_EXT_vertex_array GL_EXT_vertex_array_bgra GL_IBM_rasterpos_clip GL_IBM_texture_mirrored_repeat GL_KTX_buffer_region GL_NV_blend_square GL_NV_copy_depth_to_color GL_NV_depth_clamp GL_NV_fence GL_NV_float_buffer GL_NV_fog_distance GL_NV_fragment_program GL_NV_fragment_program_option GL_NV_fragment_program2 GL_NV_framebuffer_multisample_coverage GL_NV_half_float GL_NV_light_max_exponent GL_NV_multisample_filter_hint GL_NV_occlusion_query GL_NV_packed_depth_stencil GL_NV_pixel_data_range GL_NV_point_sprite GL_NV_primitive_restart GL_NV_register_combiners GL_NV_register_combiners2 GL_NV_texgen_reflection GL_NV_texture_barrier GL_NV_texture_compression_vtc GL_NV_texture_env_combine4 GL_NV_texture_expand_normal GL_NV_texture_rectangle GL_NV_texture_shader GL_NV_texture_shader2 GL_NV_texture_shader3 GL_NV_vertex_array_range GL_NV_vertex_array_range2 GL_NV_vertex_program GL_NV_vertex_program1_1 GL_NV_vertex_program2 GL_NV_vertex_program2_option GL_NV_vertex_program3 GL_NVX_conditional_render GL_SGIS_generate_mipmap GL_SGIS_texture_lod GL_SGIX_depth_texture GL_SGIX_shadow GL_SUN_slice_accum 
16:07:38: Supported GLX extensions: GLX_EXT_visual_info GLX_EXT_visual_rating GLX_SGIX_fbconfig GLX_SGIX_pbuffer GLX_SGI_video_sync GLX_SGI_swap_control GLX_EXT_swap_control GLX_EXT_texture_from_pixmap GLX_ARB_create_context GLX_ARB_create_context_profile GLX_ARB_multisample GLX_NV_float_buffer GLX_ARB_fbconfig_float GLX_ARB_get_proc_address 
16:07:38: ***************************
16:07:38: *** GL Renderer Started ***
16:07:38: ***************************
16:07:38: Registering ResourceManager for type GpuProgram
16:07:38: GLSL support detected
16:07:38: GL: Using GL_EXT_framebuffer_object for rendering to textures (best)
16:07:38: FBO PF_UNKNOWN depth/stencil support: D16S0 D24S0 D32S0 Packed-D24S8 
16:07:38: FBO PF_R5G6B5 depth/stencil support: D0S0 D16S0 D24S0 D32S0 Packed-D24S8 
16:07:38: FBO PF_B5G6R5 depth/stencil support: D0S0 D16S0 D24S0 D32S0 Packed-D24S8 
16:07:38: FBO PF_R8G8B8 depth/stencil support: D0S0 D16S0 D24S0 D32S0 Packed-D24S8 
16:07:38: FBO PF_B8G8R8 depth/stencil support: D0S0 D16S0 D24S0 D32S0 Packed-D24S8 
16:07:39: FBO PF_A8R8G8B8 depth/stencil support: D0S0 D16S0 D24S0 D32S0 Packed-D24S8 
16:07:39: FBO PF_B8G8R8A8 depth/stencil support: D0S0 D16S0 D24S0 D32S0 Packed-D24S8 
16:07:39: FBO PF_A2R10G10B10 depth/stencil support: D0S0 D16S0 D24S0 D32S0 Packed-D24S8 
16:07:39: FBO PF_A2B10G10R10 depth/stencil support: D0S0 D16S0 D24S0 D32S0 Packed-D24S8 
16:07:39: FBO PF_FLOAT16_RGB depth/stencil support: D0S0 D16S0 D24S0 D32S0 Packed-D24S8 
16:07:39: FBO PF_FLOAT16_RGBA depth/stencil support: D0S0 D16S0 
16:07:39: FBO PF_FLOAT32_RGB depth/stencil support: D0S0 D16S0 
16:07:39: FBO PF_FLOAT32_RGBA depth/stencil support: D0S0 D16S0 
16:07:39: FBO PF_X8R8G8B8 depth/stencil support: D0S0 D16S0 D24S0 D32S0 Packed-D24S8 
16:07:39: FBO PF_X8B8G8R8 depth/stencil support: D0S0 D16S0 D24S0 D32S0 Packed-D24S8 
16:07:39: FBO PF_SHORT_RGBA depth/stencil support: D0S0 D16S0 D24S0 D32S0 Packed-D24S8 
16:07:39: FBO PF_R3G3B2 depth/stencil support: D0S0 D16S0 D24S0 D32S0 Packed-D24S8 
16:07:39: FBO PF_SHORT_RGB depth/stencil support: D0S0 D16S0 D24S0 D32S0 Packed-D24S8 
16:07:39: [GL] : Valid FBO targets PF_UNKNOWN PF_R5G6B5 PF_B5G6R5 PF_R8G8B8 PF_B8G8R8 PF_A8R8G8B8 PF_B8G8R8A8 PF_A2R10G10B10 PF_A2B10G10R10 PF_FLOAT16_RGB PF_FLOAT16_RGBA PF_FLOAT32_RGB PF_FLOAT32_RGBA PF_X8R8G8B8 PF_X8B8G8R8 PF_SHORT_RGBA PF_R3G3B2 PF_SHORT_RGB 
16:07:39: RenderSystem capabilities
16:07:39: -------------------------
16:07:39: RenderSystem Name: OpenGL Rendering Subsystem
16:07:39: GPU Vendor: nvidia
16:07:39: Device Name: GeForce 6200/PCI/SSE2
16:07:39: Driver Version: 2.1.2.0
16:07:39:  * Fixed function pipeline: yes
16:07:39:  * Hardware generation of mipmaps: yes
16:07:39:  * Texture blending: yes
16:07:39:  * Anisotropic texture filtering: yes
16:07:39:  * Dot product texture operation: yes
16:07:39:  * Cube mapping: yes
16:07:39:  * Hardware stencil buffer: yes
16:07:39:    - Stencil depth: 8
16:07:39:    - Two sided stencil support: yes
16:07:39:    - Wrap stencil values: yes
16:07:39:  * Hardware vertex / index buffers: yes
16:07:39:  * Vertex programs: yes
16:07:39:  * Fragment programs: yes
16:07:39:  * Geometry programs: no
16:07:39:  * Supported Shader Profiles: arbfp1 arbvp1 fp20 fp30 fp40 glsl vp30 vp40
16:07:39:  * Texture Compression: yes
16:07:39:    - DXT: yes
16:07:39:    - VTC: yes
16:07:39:  * Scissor Rectangle: yes
16:07:39:  * Hardware Occlusion Query: yes
16:07:39:  * User clip planes: yes
16:07:39:  * VET_UBYTE4 vertex element type: yes
16:07:39:  * Infinite far plane projection: yes
16:07:39:  * Hardware render-to-texture: yes
16:07:39:  * Floating point textures: yes
16:07:39:  * Non-power-of-two textures: yes
16:07:39:  * Volume textures: yes
16:07:39:  * Multiple Render Targets: 4
16:07:39:    - With different bit depths: yes
16:07:39:  * Point Sprites: yes
16:07:39:  * Extended point parameters: yes
16:07:39:  * Max Point Size: 63.375
16:07:39:  * Vertex texture fetch: yes
16:07:39:    - Max vertex textures: 4
16:07:39:    - Vertex textures shared: yes
16:07:39:  * Render to Vertex Buffer : no
16:07:39:  * GL 1.5 without VBO workaround: no
16:07:39:  * Frame Buffer objects: yes
16:07:39:  * Frame Buffer objects (ARB extension): no
16:07:39:  * Frame Buffer objects (ATI extension): no
16:07:39:  * PBuffer suppport: no
16:07:39:  * GL 1.5 without HW-occlusion workaround: no
16:07:39: Registering ResourceManager for type Texture
16:07:39: ResourceBackgroundQueue - threading disabled
16:07:39: Particle Renderer Type 'billboard' registered
16:07:39: SceneManagerFactory for type 'OctreeSceneManager' registered.
16:07:39: SceneManagerFactory for type 'TerrainSceneManager' registered.
16:07:39: Added resource location '/home/gavin/ros/stacks/visualization/rviz/ogre_media/textures' of type 'FileSystem' to resource group 'General'
16:07:39: Parsing scripts for resource group Autodetect
16:07:39: Finished parsing scripts for resource group Autodetect
16:07:39: Parsing scripts for resource group General
16:07:39: Finished parsing scripts for resource group General
16:07:39: Parsing scripts for resource group Internal
16:07:39: Finished parsing scripts for resource group Internal
16:07:39: Parsing scripts for resource group ogre_tools
16:07:39: Parsing script point_cloud_billboard.program
16:07:39: Parsing script passthrough.program
16:07:39: Parsing script point_cloud_box.program
16:07:39: Parsing script point_cloud_point.program
16:07:39: Parsing script point_cloud_box.material
16:07:39: Parsing script point_cloud_billboard.material
16:07:39: Parsing script point_cloud_point.material
16:07:39: Parsing script arial.fontdef
16:07:39: Finished parsing scripts for resource group ogre_tools
16:07:40: Mesh: Loading ogre_tools_sphere.mesh.
16:07:40: Mesh: Loading ogre_tools_cylinder.mesh.
16:07:40: Mesh: Loading ogre_tools_cone.mesh.
16:07:40: Texture: SelectionRect0Texture: Loading 1 faces(PF_R8G8B8A8,1x1x1) with 0 generated mipmaps from Image. Internal format is PF_A8R8G8B8,1x1x1.
16:07:47: *-*-* OGRE Shutdown
16:07:47: Unregistering ResourceManager for type Compositor
16:07:47: Unregistering ResourceManager for type Font
16:07:47: Unregistering ResourceManager for type Skeleton
16:07:47: Unregistering ResourceManager for type Mesh
16:07:47: Unregistering ResourceManager for type HighLevelGpuProgram
16:07:47: Uninstalling plugin: Cg Program Manager
16:07:47: Plugin successfully uninstalled
16:07:47: Unloading library Plugin_CgProgramManager
16:07:47: Uninstalling plugin: ParticleFX
16:07:47: Plugin successfully uninstalled
16:07:47: Unloading library Plugin_ParticleFX
16:07:47: Uninstalling plugin: Octree & Terrain Scene Manager
16:07:47: Plugin successfully uninstalled
16:07:47: Unloading library Plugin_OctreeSceneManager
16:07:47: Uninstalling plugin: GL RenderSystem
16:07:47: Unregistering ResourceManager for type GpuProgram
16:07:47: ******************************
*** Stopping GLX Subsystem ***
******************************
16:07:47: Unregistering ResourceManager for type Texture
16:07:47: Plugin successfully uninstalled
16:07:47: Unloading library RenderSystem_GL
16:07:47: Unregistering ResourceManager for type Material
