15:34:00: Creating resource group General
15:34:00: Creating resource group Internal
15:34:00: Creating resource group Autodetect
15:34:00: SceneManagerFactory for type 'DefaultSceneManager' registered.
15:34:00: Registering ResourceManager for type Material
15:34:00: Registering ResourceManager for type Mesh
15:34:00: Registering ResourceManager for type Skeleton
15:34:00: MovableObjectFactory for type 'ParticleSystem' registered.
15:34:00: OverlayElementFactory for type Panel registered.
15:34:00: OverlayElementFactory for type BorderPanel registered.
15:34:00: OverlayElementFactory for type TextArea registered.
15:34:00: Registering ResourceManager for type Font
15:34:00: ArchiveFactory for archive type FileSystem registered.
15:34:00: ArchiveFactory for archive type Zip registered.
15:34:00: FreeImage version: 3.10.0
15:34:00: This program uses FreeImage, a free, open source image library supporting all common bitmap formats. See http://freeimage.sourceforge.net for details
15:34:00: Supported formats: bmp,ico,jpg,jif,jpeg,jpe,jng,koa,iff,lbm,mng,pbm,pbm,pcd,pcx,pgm,pgm,png,ppm,ppm,ras,tga,targa,tif,tiff,wap,wbmp,wbm,psd,cut,xbm,xpm,gif,hdr,g3,sgi,exr,j2k,j2c,jp2
15:34:00: DDS codec registering
15:34:00: Registering ResourceManager for type HighLevelGpuProgram
15:34:00: Registering ResourceManager for type Compositor
15:34:00: MovableObjectFactory for type 'Entity' registered.
15:34:00: MovableObjectFactory for type 'Light' registered.
15:34:00: MovableObjectFactory for type 'BillboardSet' registered.
15:34:00: MovableObjectFactory for type 'ManualObject' registered.
15:34:00: MovableObjectFactory for type 'BillboardChain' registered.
15:34:00: MovableObjectFactory for type 'RibbonTrail' registered.
15:34:00: *-*-* OGRE Initialising
15:34:00: *-*-* Version 1.6.3 (Shoggoth)
15:34:00: Loading library RenderSystem_GL
15:34:00: Installing plugin: GL RenderSystem
15:34:00: OpenGL Rendering Subsystem created.
15:34:00: Plugin successfully installed
15:34:00: Loading library Plugin_OctreeSceneManager
15:34:00: Installing plugin: Octree & Terrain Scene Manager
15:34:00: Plugin successfully installed
15:34:00: Loading library Plugin_ParticleFX
15:34:00: Installing plugin: ParticleFX
15:34:00: Particle Emitter Type 'Point' registered
15:34:00: Particle Emitter Type 'Box' registered
15:34:00: Particle Emitter Type 'Ellipsoid' registered
15:34:00: Particle Emitter Type 'Cylinder' registered
15:34:00: Particle Emitter Type 'Ring' registered
15:34:00: Particle Emitter Type 'HollowEllipsoid' registered
15:34:00: Particle Affector Type 'LinearForce' registered
15:34:00: Particle Affector Type 'ColourFader' registered
15:34:00: Particle Affector Type 'ColourFader2' registered
15:34:00: Particle Affector Type 'ColourImage' registered
15:34:00: Particle Affector Type 'ColourInterpolator' registered
15:34:00: Particle Affector Type 'Scaler' registered
15:34:00: Particle Affector Type 'Rotator' registered
15:34:00: Particle Affector Type 'DirectionRandomiser' registered
15:34:00: Particle Affector Type 'DeflectorPlane' registered
15:34:00: Plugin successfully installed
15:34:00: Loading library Plugin_CgProgramManager
15:34:00: Installing plugin: Cg Program Manager
15:34:00: Plugin successfully installed
15:34:00: CPU Identifier & Features
15:34:00: -------------------------
15:34:00:  *   CPU ID: GenuineIntel: Intel(R) Pentium(R) 4 CPU 2.80GHz
15:34:00:  *      SSE: yes
15:34:00:  *     SSE2: yes
15:34:00:  *     SSE3: no
15:34:00:  *      MMX: yes
15:34:00:  *   MMXEXT: yes
15:34:00:  *    3DNOW: no
15:34:00:  * 3DNOWEXT: no
15:34:00:  *     CMOV: yes
15:34:00:  *      TSC: yes
15:34:00:  *      FPU: yes
15:34:00:  *      PRO: no
15:34:00:  *       HT: yes
15:34:00: -------------------------
15:34:00: ******************************
*** Starting GLX Subsystem ***
******************************
15:34:00: Creating resource group ogre_tools
15:34:00: Added resource location '/home/gavin/ros/stacks/visualization_common/ogre_tools/media' of type 'FileSystem' to resource group 'ogre_tools'
15:34:00: Added resource location '/home/gavin/ros/stacks/visualization_common/ogre_tools/media/fonts' of type 'FileSystem' to resource group 'ogre_tools'
15:34:00: Added resource location '/home/gavin/ros/stacks/visualization_common/ogre_tools/media/models' of type 'FileSystem' to resource group 'ogre_tools'
15:34:00: Added resource location '/home/gavin/ros/stacks/visualization_common/ogre_tools/media/materials' of type 'FileSystem' to resource group 'ogre_tools'
15:34:00: Added resource location '/home/gavin/ros/stacks/visualization_common/ogre_tools/media/materials/scripts' of type 'FileSystem' to resource group 'ogre_tools'
15:34:00: Added resource location '/home/gavin/ros/stacks/visualization_common/ogre_tools/media/materials/programs' of type 'FileSystem' to resource group 'ogre_tools'
15:34:01: GLRenderSystem::_createRenderWindow "OgreRenderWindow1", 1278x944 windowed  miscParams: externalWindowHandle=161597400:0:73400397:163096576 
15:34:01: GLXWindow::create: The externalWindowHandle parameter is deprecated.
Use the parentWindowHandle or currentGLContext parameter instead.
15:34:01: GLXWindow::create used FBConfigID = 153
15:34:01: GL_VERSION = 2.1.2 NVIDIA 195.36.24
15:34:01: GL_VENDOR = NVIDIA Corporation
15:34:01: GL_RENDERER = GeForce 6200/PCI/SSE2
15:34:01: GL_EXTENSIONS = GL_ARB_color_buffer_float GL_ARB_copy_buffer GL_ARB_depth_clamp GL_ARB_depth_texture GL_ARB_draw_buffers GL_ARB_fragment_program GL_ARB_fragment_program_shadow GL_ARB_fragment_shader GL_ARB_framebuffer_object GL_ARB_half_float_pixel GL_ARB_half_float_vertex GL_ARB_imaging GL_ARB_map_buffer_range GL_ARB_multisample GL_ARB_multitexture GL_ARB_occlusion_query GL_ARB_pixel_buffer_object GL_ARB_point_parameters GL_ARB_point_sprite GL_ARB_provoking_vertex GL_ARB_shader_objects GL_ARB_shading_language_100 GL_ARB_shadow GL_ARB_texture_border_clamp GL_ARB_texture_compression GL_ARB_texture_cube_map GL_ARB_texture_env_add GL_ARB_texture_env_combine GL_ARB_texture_env_crossbar GL_ARB_texture_env_dot3 GL_ARB_texture_float GL_ARB_texture_mirrored_repeat GL_ARB_texture_non_power_of_two GL_ARB_texture_rectangle GL_ARB_transpose_matrix GL_ARB_vertex_array_bgra GL_ARB_vertex_array_object GL_ARB_vertex_buffer_object GL_ARB_vertex_program GL_ARB_vertex_shader GL_ARB_window_pos GL_ATI_draw_buffers GL_ATI_texture_float GL_ATI_texture_mirror_once GL_S3_s3tc GL_EXT_texture_env_add GL_EXT_abgr GL_EXT_bgra GL_EXT_blend_color GL_EXT_blend_equation_separate GL_EXT_blend_func_separate GL_EXT_blend_minmax GL_EXT_blend_subtract GL_EXT_compiled_vertex_array GL_EXT_Cg_shader GL_EXT_depth_bounds_test GL_EXT_direct_state_access GL_EXT_draw_range_elements GL_EXT_fog_coord GL_EXT_framebuffer_blit GL_EXT_framebuffer_multisample GL_EXT_framebuffer_object GL_EXT_gpu_program_parameters GL_EXT_multi_draw_arrays GL_EXT_packed_depth_stencil GL_EXT_packed_pixels GL_EXT_pixel_buffer_object GL_EXT_point_parameters GL_EXT_provoking_vertex GL_EXT_rescale_normal GL_EXT_secondary_color GL_EXT_separate_shader_objects GL_EXT_separate_specular_color GL_EXT_shadow_funcs GL_EXT_stencil_two_side GL_EXT_stencil_wrap GL_EXT_texture3D GL_EXT_texture_compression_s3tc GL_EXT_texture_cube_map GL_EXT_texture_edge_clamp GL_EXT_texture_env_combine GL_EXT_texture_env_dot3 GL_EXT_texture_filter_anisotropic GL_EXT_texture_lod GL_EXT_texture_lod_bias GL_EXT_texture_mirror_clamp GL_EXT_texture_object GL_EXT_texture_sRGB GL_EXT_texture_swizzle GL_EXT_timer_query GL_EXT_vertex_array GL_EXT_vertex_array_bgra GL_IBM_rasterpos_clip GL_IBM_texture_mirrored_repeat GL_KTX_buffer_region GL_NV_blend_square GL_NV_copy_depth_to_color GL_NV_depth_clamp GL_NV_fence GL_NV_float_buffer GL_NV_fog_distance GL_NV_fragment_program GL_NV_fragment_program_option GL_NV_fragment_program2 GL_NV_framebuffer_multisample_coverage GL_NV_half_float GL_NV_light_max_exponent GL_NV_multisample_filter_hint GL_NV_occlusion_query GL_NV_packed_depth_stencil GL_NV_pixel_data_range GL_NV_point_sprite GL_NV_primitive_restart GL_NV_register_combiners GL_NV_register_combiners2 GL_NV_texgen_reflection GL_NV_texture_barrier GL_NV_texture_compression_vtc GL_NV_texture_env_combine4 GL_NV_texture_expand_normal GL_NV_texture_rectangle GL_NV_texture_shader GL_NV_texture_shader2 GL_NV_texture_shader3 GL_NV_vertex_array_range GL_NV_vertex_array_range2 GL_NV_vertex_program GL_NV_vertex_program1_1 GL_NV_vertex_program2 GL_NV_vertex_program2_option GL_NV_vertex_program3 GL_NVX_conditional_render GL_SGIS_generate_mipmap GL_SGIS_texture_lod GL_SGIX_depth_texture GL_SGIX_shadow GL_SUN_slice_accum 
15:34:01: Supported GLX extensions: GLX_EXT_visual_info GLX_EXT_visual_rating GLX_SGIX_fbconfig GLX_SGIX_pbuffer GLX_SGI_video_sync GLX_SGI_swap_control GLX_EXT_swap_control GLX_EXT_texture_from_pixmap GLX_ARB_create_context GLX_ARB_create_context_profile GLX_ARB_multisample GLX_NV_float_buffer GLX_ARB_fbconfig_float GLX_ARB_get_proc_address 
15:34:01: ***************************
15:34:01: *** GL Renderer Started ***
15:34:01: ***************************
15:34:01: Registering ResourceManager for type GpuProgram
15:34:01: GLSL support detected
15:34:01: GL: Using GL_EXT_framebuffer_object for rendering to textures (best)
15:34:01: FBO PF_UNKNOWN depth/stencil support: D16S0 D24S0 D32S0 Packed-D24S8 
15:34:01: FBO PF_R5G6B5 depth/stencil support: D0S0 D16S0 D24S0 D32S0 Packed-D24S8 
15:34:02: FBO PF_B5G6R5 depth/stencil support: D0S0 D16S0 D24S0 D32S0 Packed-D24S8 
15:34:02: FBO PF_R8G8B8 depth/stencil support: D0S0 D16S0 D24S0 D32S0 Packed-D24S8 
15:34:02: FBO PF_B8G8R8 depth/stencil support: D0S0 D16S0 D24S0 D32S0 Packed-D24S8 
15:34:02: FBO PF_A8R8G8B8 depth/stencil support: D0S0 D16S0 D24S0 D32S0 Packed-D24S8 
15:34:02: FBO PF_B8G8R8A8 depth/stencil support: D0S0 D16S0 D24S0 D32S0 Packed-D24S8 
15:34:02: FBO PF_A2R10G10B10 depth/stencil support: D0S0 D16S0 D24S0 D32S0 Packed-D24S8 
15:34:02: FBO PF_A2B10G10R10 depth/stencil support: D0S0 D16S0 D24S0 D32S0 Packed-D24S8 
15:34:02: FBO PF_FLOAT16_RGB depth/stencil support: D0S0 D16S0 D24S0 D32S0 Packed-D24S8 
15:34:02: FBO PF_FLOAT16_RGBA depth/stencil support: D0S0 D16S0 
15:34:02: FBO PF_FLOAT32_RGB depth/stencil support: D0S0 D16S0 
15:34:02: FBO PF_FLOAT32_RGBA depth/stencil support: D0S0 D16S0 
15:34:03: FBO PF_X8R8G8B8 depth/stencil support: D0S0 D16S0 D24S0 D32S0 Packed-D24S8 
15:34:03: FBO PF_X8B8G8R8 depth/stencil support: D0S0 D16S0 D24S0 D32S0 Packed-D24S8 
15:34:03: FBO PF_SHORT_RGBA depth/stencil support: D0S0 D16S0 D24S0 D32S0 Packed-D24S8 
15:34:03: FBO PF_R3G3B2 depth/stencil support: D0S0 D16S0 D24S0 D32S0 Packed-D24S8 
15:34:03: FBO PF_SHORT_RGB depth/stencil support: D0S0 D16S0 D24S0 D32S0 Packed-D24S8 
15:34:03: [GL] : Valid FBO targets PF_UNKNOWN PF_R5G6B5 PF_B5G6R5 PF_R8G8B8 PF_B8G8R8 PF_A8R8G8B8 PF_B8G8R8A8 PF_A2R10G10B10 PF_A2B10G10R10 PF_FLOAT16_RGB PF_FLOAT16_RGBA PF_FLOAT32_RGB PF_FLOAT32_RGBA PF_X8R8G8B8 PF_X8B8G8R8 PF_SHORT_RGBA PF_R3G3B2 PF_SHORT_RGB 
15:34:03: RenderSystem capabilities
15:34:03: -------------------------
15:34:03: RenderSystem Name: OpenGL Rendering Subsystem
15:34:03: GPU Vendor: nvidia
15:34:03: Device Name: GeForce 6200/PCI/SSE2
15:34:03: Driver Version: 2.1.2.0
15:34:03:  * Fixed function pipeline: yes
15:34:03:  * Hardware generation of mipmaps: yes
15:34:03:  * Texture blending: yes
15:34:03:  * Anisotropic texture filtering: yes
15:34:03:  * Dot product texture operation: yes
15:34:03:  * Cube mapping: yes
15:34:03:  * Hardware stencil buffer: yes
15:34:03:    - Stencil depth: 8
15:34:03:    - Two sided stencil support: yes
15:34:03:    - Wrap stencil values: yes
15:34:03:  * Hardware vertex / index buffers: yes
15:34:03:  * Vertex programs: yes
15:34:03:  * Fragment programs: yes
15:34:03:  * Geometry programs: no
15:34:03:  * Supported Shader Profiles: arbfp1 arbvp1 fp20 fp30 fp40 glsl vp30 vp40
15:34:03:  * Texture Compression: yes
15:34:03:    - DXT: yes
15:34:03:    - VTC: yes
15:34:03:  * Scissor Rectangle: yes
15:34:03:  * Hardware Occlusion Query: yes
15:34:03:  * User clip planes: yes
15:34:03:  * VET_UBYTE4 vertex element type: yes
15:34:03:  * Infinite far plane projection: yes
15:34:03:  * Hardware render-to-texture: yes
15:34:03:  * Floating point textures: yes
15:34:03:  * Non-power-of-two textures: yes
15:34:03:  * Volume textures: yes
15:34:03:  * Multiple Render Targets: 4
15:34:03:    - With different bit depths: yes
15:34:03:  * Point Sprites: yes
15:34:03:  * Extended point parameters: yes
15:34:03:  * Max Point Size: 63.375
15:34:03:  * Vertex texture fetch: yes
15:34:03:    - Max vertex textures: 4
15:34:03:    - Vertex textures shared: yes
15:34:03:  * Render to Vertex Buffer : no
15:34:03:  * GL 1.5 without VBO workaround: no
15:34:03:  * Frame Buffer objects: yes
15:34:03:  * Frame Buffer objects (ARB extension): no
15:34:03:  * Frame Buffer objects (ATI extension): no
15:34:03:  * PBuffer suppport: no
15:34:03:  * GL 1.5 without HW-occlusion workaround: no
15:34:03: Registering ResourceManager for type Texture
15:34:03: ResourceBackgroundQueue - threading disabled
15:34:03: Particle Renderer Type 'billboard' registered
15:34:03: SceneManagerFactory for type 'OctreeSceneManager' registered.
15:34:03: SceneManagerFactory for type 'TerrainSceneManager' registered.
15:34:03: Added resource location '/home/gavin/ros/stacks/visualization/rviz/ogre_media/textures' of type 'FileSystem' to resource group 'General'
15:34:03: Parsing scripts for resource group Autodetect
15:34:03: Finished parsing scripts for resource group Autodetect
15:34:03: Parsing scripts for resource group General
15:34:03: Finished parsing scripts for resource group General
15:34:03: Parsing scripts for resource group Internal
15:34:03: Finished parsing scripts for resource group Internal
15:34:03: Parsing scripts for resource group ogre_tools
15:34:03: Parsing script point_cloud_billboard.program
15:34:03: Parsing script passthrough.program
15:34:03: Parsing script point_cloud_box.program
15:34:03: Parsing script point_cloud_point.program
15:34:03: Parsing script point_cloud_box.material
15:34:03: Parsing script point_cloud_billboard.material
15:34:04: Parsing script point_cloud_point.material
15:34:04: Parsing script arial.fontdef
15:34:04: Finished parsing scripts for resource group ogre_tools
15:34:04: Mesh: Loading ogre_tools_sphere.mesh.
15:34:04: Mesh: Loading ogre_tools_cylinder.mesh.
15:34:04: Mesh: Loading ogre_tools_cone.mesh.
15:34:04: Texture: SelectionRect0Texture: Loading 1 faces(PF_R8G8B8A8,1x1x1) with 0 generated mipmaps from Image. Internal format is PF_A8R8G8B8,1x1x1.
15:34:05: Texture: Robot Link Material00RobotPickTexture: Loading 1 faces(PF_R8G8B8,1x1x1) with 0 generated mipmaps from Image. Internal format is PF_X8R8G8B8,1x1x1.
15:34:05: Texture: Robot Link Material01RobotPickTexture: Loading 1 faces(PF_R8G8B8,1x1x1) with 0 generated mipmaps from Image. Internal format is PF_X8R8G8B8,1x1x1.
15:34:05: Texture: Robot Link Material02RobotPickTexture: Loading 1 faces(PF_R8G8B8,1x1x1) with 0 generated mipmaps from Image. Internal format is PF_X8R8G8B8,1x1x1.
15:34:05: Texture: Robot Link Material03RobotPickTexture: Loading 1 faces(PF_R8G8B8,1x1x1) with 0 generated mipmaps from Image. Internal format is PF_X8R8G8B8,1x1x1.
15:34:05: Texture: Robot Link Material04RobotPickTexture: Loading 1 faces(PF_R8G8B8,1x1x1) with 0 generated mipmaps from Image. Internal format is PF_X8R8G8B8,1x1x1.
15:34:05: Texture: Robot Link Material05RobotPickTexture: Loading 1 faces(PF_R8G8B8,1x1x1) with 0 generated mipmaps from Image. Internal format is PF_X8R8G8B8,1x1x1.
15:34:05: Texture: Robot Link Material06RobotPickTexture: Loading 1 faces(PF_R8G8B8,1x1x1) with 0 generated mipmaps from Image. Internal format is PF_X8R8G8B8,1x1x1.
15:34:05: Mesh: Loading ogre_tools_cube.mesh.
15:34:05: Texture: Robot Link Material07RobotPickTexture: Loading 1 faces(PF_R8G8B8,1x1x1) with 0 generated mipmaps from Image. Internal format is PF_X8R8G8B8,1x1x1.
15:34:05: Texture: Robot Link Material08RobotPickTexture: Loading 1 faces(PF_R8G8B8,1x1x1) with 0 generated mipmaps from Image. Internal format is PF_X8R8G8B8,1x1x1.
15:34:05: Texture: Robot Link Material09RobotPickTexture: Loading 1 faces(PF_R8G8B8,1x1x1) with 0 generated mipmaps from Image. Internal format is PF_X8R8G8B8,1x1x1.
15:34:05: Texture: Robot Link Material010RobotPickTexture: Loading 1 faces(PF_R8G8B8,1x1x1) with 0 generated mipmaps from Image. Internal format is PF_X8R8G8B8,1x1x1.
15:34:05: Texture: Robot Link Material011RobotPickTexture: Loading 1 faces(PF_R8G8B8,1x1x1) with 0 generated mipmaps from Image. Internal format is PF_X8R8G8B8,1x1x1.
15:34:05: Texture: Robot Link Material012RobotPickTexture: Loading 1 faces(PF_R8G8B8,1x1x1) with 0 generated mipmaps from Image. Internal format is PF_X8R8G8B8,1x1x1.
15:34:05: Texture: Robot Link Material013RobotPickTexture: Loading 1 faces(PF_R8G8B8,1x1x1) with 0 generated mipmaps from Image. Internal format is PF_X8R8G8B8,1x1x1.
15:34:05: Texture: Robot Link Material014RobotPickTexture: Loading 1 faces(PF_R8G8B8,1x1x1) with 0 generated mipmaps from Image. Internal format is PF_X8R8G8B8,1x1x1.
15:34:05: Texture: Robot Link Material015RobotPickTexture: Loading 1 faces(PF_R8G8B8,1x1x1) with 0 generated mipmaps from Image. Internal format is PF_X8R8G8B8,1x1x1.
15:34:05: Texture: Robot Link Material016RobotPickTexture: Loading 1 faces(PF_R8G8B8,1x1x1) with 0 generated mipmaps from Image. Internal format is PF_X8R8G8B8,1x1x1.
15:34:05: Texture: Robot Link Material017RobotPickTexture: Loading 1 faces(PF_R8G8B8,1x1x1) with 0 generated mipmaps from Image. Internal format is PF_X8R8G8B8,1x1x1.
15:34:05: Texture: Robot Link Material018RobotPickTexture: Loading 1 faces(PF_R8G8B8,1x1x1) with 0 generated mipmaps from Image. Internal format is PF_X8R8G8B8,1x1x1.
15:34:05: Texture: Robot Link Material019RobotPickTexture: Loading 1 faces(PF_R8G8B8,1x1x1) with 0 generated mipmaps from Image. Internal format is PF_X8R8G8B8,1x1x1.
15:34:05: Texture: Robot Link Material020RobotPickTexture: Loading 1 faces(PF_R8G8B8,1x1x1) with 0 generated mipmaps from Image. Internal format is PF_X8R8G8B8,1x1x1.
15:34:05: Texture: Robot Link Material021RobotPickTexture: Loading 1 faces(PF_R8G8B8,1x1x1) with 0 generated mipmaps from Image. Internal format is PF_X8R8G8B8,1x1x1.
15:34:05: Texture: Robot Link Material022RobotPickTexture: Loading 1 faces(PF_R8G8B8,1x1x1) with 0 generated mipmaps from Image. Internal format is PF_X8R8G8B8,1x1x1.
15:34:05: Texture: Robot Link Material023RobotPickTexture: Loading 1 faces(PF_R8G8B8,1x1x1) with 0 generated mipmaps from Image. Internal format is PF_X8R8G8B8,1x1x1.
15:34:05: Texture: Robot Link Material024RobotPickTexture: Loading 1 faces(PF_R8G8B8,1x1x1) with 0 generated mipmaps from Image. Internal format is PF_X8R8G8B8,1x1x1.
15:34:05: Texture: Robot Link Material025RobotPickTexture: Loading 1 faces(PF_R8G8B8,1x1x1) with 0 generated mipmaps from Image. Internal format is PF_X8R8G8B8,1x1x1.
15:34:05: Texture: Robot Link Material026RobotPickTexture: Loading 1 faces(PF_R8G8B8,1x1x1) with 0 generated mipmaps from Image. Internal format is PF_X8R8G8B8,1x1x1.
15:34:05: Texture: Robot Link Material027RobotPickTexture: Loading 1 faces(PF_R8G8B8,1x1x1) with 0 generated mipmaps from Image. Internal format is PF_X8R8G8B8,1x1x1.
15:34:05: Texture: Robot Link Material028RobotPickTexture: Loading 1 faces(PF_R8G8B8,1x1x1) with 0 generated mipmaps from Image. Internal format is PF_X8R8G8B8,1x1x1.
15:34:05: Texture: Robot Link Material029RobotPickTexture: Loading 1 faces(PF_R8G8B8,1x1x1) with 0 generated mipmaps from Image. Internal format is PF_X8R8G8B8,1x1x1.
15:34:05: Texture: Robot Link Material030RobotPickTexture: Loading 1 faces(PF_R8G8B8,1x1x1) with 0 generated mipmaps from Image. Internal format is PF_X8R8G8B8,1x1x1.
15:34:06: Texture: Robot Link Material031RobotPickTexture: Loading 1 faces(PF_R8G8B8,1x1x1) with 0 generated mipmaps from Image. Internal format is PF_X8R8G8B8,1x1x1.
15:34:06: Texture: Robot Link Material032RobotPickTexture: Loading 1 faces(PF_R8G8B8,1x1x1) with 0 generated mipmaps from Image. Internal format is PF_X8R8G8B8,1x1x1.
15:34:06: Texture: Robot Link Material033RobotPickTexture: Loading 1 faces(PF_R8G8B8,1x1x1) with 0 generated mipmaps from Image. Internal format is PF_X8R8G8B8,1x1x1.
15:34:06: Texture: Robot Link Material034RobotPickTexture: Loading 1 faces(PF_R8G8B8,1x1x1) with 0 generated mipmaps from Image. Internal format is PF_X8R8G8B8,1x1x1.
15:34:06: Texture: Robot Link Material035RobotPickTexture: Loading 1 faces(PF_R8G8B8,1x1x1) with 0 generated mipmaps from Image. Internal format is PF_X8R8G8B8,1x1x1.
15:34:06: Texture: Robot Link Material036RobotPickTexture: Loading 1 faces(PF_R8G8B8,1x1x1) with 0 generated mipmaps from Image. Internal format is PF_X8R8G8B8,1x1x1.
15:34:06: Texture: Robot Link Material037RobotPickTexture: Loading 1 faces(PF_R8G8B8,1x1x1) with 0 generated mipmaps from Image. Internal format is PF_X8R8G8B8,1x1x1.
15:34:06: Texture: Robot Link Material038RobotPickTexture: Loading 1 faces(PF_R8G8B8,1x1x1) with 0 generated mipmaps from Image. Internal format is PF_X8R8G8B8,1x1x1.
15:34:06: Texture: Robot Link Material039RobotPickTexture: Loading 1 faces(PF_R8G8B8,1x1x1) with 0 generated mipmaps from Image. Internal format is PF_X8R8G8B8,1x1x1.
15:34:06: Texture: Robot Link Material040RobotPickTexture: Loading 1 faces(PF_R8G8B8,1x1x1) with 0 generated mipmaps from Image. Internal format is PF_X8R8G8B8,1x1x1.
15:34:06: Texture: Robot Link Material041RobotPickTexture: Loading 1 faces(PF_R8G8B8,1x1x1) with 0 generated mipmaps from Image. Internal format is PF_X8R8G8B8,1x1x1.
15:34:06: Texture: Robot Link Material042RobotPickTexture: Loading 1 faces(PF_R8G8B8,1x1x1) with 0 generated mipmaps from Image. Internal format is PF_X8R8G8B8,1x1x1.
15:34:06: Texture: Robot Link Material043RobotPickTexture: Loading 1 faces(PF_R8G8B8,1x1x1) with 0 generated mipmaps from Image. Internal format is PF_X8R8G8B8,1x1x1.
15:34:06: Texture: Robot Link Material044RobotPickTexture: Loading 1 faces(PF_R8G8B8,1x1x1) with 0 generated mipmaps from Image. Internal format is PF_X8R8G8B8,1x1x1.
15:34:06: Texture: Robot Link Material045RobotPickTexture: Loading 1 faces(PF_R8G8B8,1x1x1) with 0 generated mipmaps from Image. Internal format is PF_X8R8G8B8,1x1x1.
15:34:06: Texture: Robot Link Material046RobotPickTexture: Loading 1 faces(PF_R8G8B8,1x1x1) with 0 generated mipmaps from Image. Internal format is PF_X8R8G8B8,1x1x1.
15:34:06: Texture: Robot Link Material047RobotPickTexture: Loading 1 faces(PF_R8G8B8,1x1x1) with 0 generated mipmaps from Image. Internal format is PF_X8R8G8B8,1x1x1.
15:34:06: Texture: Robot Link Material048RobotPickTexture: Loading 1 faces(PF_R8G8B8,1x1x1) with 0 generated mipmaps from Image. Internal format is PF_X8R8G8B8,1x1x1.
15:34:06: Texture: Robot Link Material049RobotPickTexture: Loading 1 faces(PF_R8G8B8,1x1x1) with 0 generated mipmaps from Image. Internal format is PF_X8R8G8B8,1x1x1.
15:34:06: Texture: Robot Link Material050RobotPickTexture: Loading 1 faces(PF_R8G8B8,1x1x1) with 0 generated mipmaps from Image. Internal format is PF_X8R8G8B8,1x1x1.
15:34:06: Texture: Robot Link Material051RobotPickTexture: Loading 1 faces(PF_R8G8B8,1x1x1) with 0 generated mipmaps from Image. Internal format is PF_X8R8G8B8,1x1x1.
15:34:06: Texture: Robot Link Material052RobotPickTexture: Loading 1 faces(PF_R8G8B8,1x1x1) with 0 generated mipmaps from Image. Internal format is PF_X8R8G8B8,1x1x1.
15:34:06: Texture: Robot Link Material053RobotPickTexture: Loading 1 faces(PF_R8G8B8,1x1x1) with 0 generated mipmaps from Image. Internal format is PF_X8R8G8B8,1x1x1.
15:34:06: Texture: Robot Link Material054RobotPickTexture: Loading 1 faces(PF_R8G8B8,1x1x1) with 0 generated mipmaps from Image. Internal format is PF_X8R8G8B8,1x1x1.
15:34:06: Texture: Robot Link Material055RobotPickTexture: Loading 1 faces(PF_R8G8B8,1x1x1) with 0 generated mipmaps from Image. Internal format is PF_X8R8G8B8,1x1x1.
15:34:06: Texture: Robot Link Material056RobotPickTexture: Loading 1 faces(PF_R8G8B8,1x1x1) with 0 generated mipmaps from Image. Internal format is PF_X8R8G8B8,1x1x1.
15:34:06: Texture: Robot Link Material057RobotPickTexture: Loading 1 faces(PF_R8G8B8,1x1x1) with 0 generated mipmaps from Image. Internal format is PF_X8R8G8B8,1x1x1.
15:34:06: Texture: Robot Link Material058RobotPickTexture: Loading 1 faces(PF_R8G8B8,1x1x1) with 0 generated mipmaps from Image. Internal format is PF_X8R8G8B8,1x1x1.
15:34:06: Texture: Robot Link Material059RobotPickTexture: Loading 1 faces(PF_R8G8B8,1x1x1) with 0 generated mipmaps from Image. Internal format is PF_X8R8G8B8,1x1x1.
15:34:06: Texture: Robot Link Material060RobotPickTexture: Loading 1 faces(PF_R8G8B8,1x1x1) with 0 generated mipmaps from Image. Internal format is PF_X8R8G8B8,1x1x1.
15:34:06: Texture: Robot Link Material061RobotPickTexture: Loading 1 faces(PF_R8G8B8,1x1x1) with 0 generated mipmaps from Image. Internal format is PF_X8R8G8B8,1x1x1.
15:34:06: Texture: Robot Link Material062RobotPickTexture: Loading 1 faces(PF_R8G8B8,1x1x1) with 0 generated mipmaps from Image. Internal format is PF_X8R8G8B8,1x1x1.
15:34:06: Texture: Robot Link Material063RobotPickTexture: Loading 1 faces(PF_R8G8B8,1x1x1) with 0 generated mipmaps from Image. Internal format is PF_X8R8G8B8,1x1x1.
15:34:06: Texture: Robot Link Material064RobotPickTexture: Loading 1 faces(PF_R8G8B8,1x1x1) with 0 generated mipmaps from Image. Internal format is PF_X8R8G8B8,1x1x1.
15:34:06: Texture: Robot Link Material065RobotPickTexture: Loading 1 faces(PF_R8G8B8,1x1x1) with 0 generated mipmaps from Image. Internal format is PF_X8R8G8B8,1x1x1.
15:34:06: Texture: Robot Link Material066RobotPickTexture: Loading 1 faces(PF_R8G8B8,1x1x1) with 0 generated mipmaps from Image. Internal format is PF_X8R8G8B8,1x1x1.
15:34:06: Texture: Robot Link Material067RobotPickTexture: Loading 1 faces(PF_R8G8B8,1x1x1) with 0 generated mipmaps from Image. Internal format is PF_X8R8G8B8,1x1x1.
15:34:06: Texture: Robot Link Material068RobotPickTexture: Loading 1 faces(PF_R8G8B8,1x1x1) with 0 generated mipmaps from Image. Internal format is PF_X8R8G8B8,1x1x1.
15:34:06: Texture: Robot Link Material069RobotPickTexture: Loading 1 faces(PF_R8G8B8,1x1x1) with 0 generated mipmaps from Image. Internal format is PF_X8R8G8B8,1x1x1.
15:34:06: Texture: Robot Link Material070RobotPickTexture: Loading 1 faces(PF_R8G8B8,1x1x1) with 0 generated mipmaps from Image. Internal format is PF_X8R8G8B8,1x1x1.
15:34:07: Texture: Robot Link Material071RobotPickTexture: Loading 1 faces(PF_R8G8B8,1x1x1) with 0 generated mipmaps from Image. Internal format is PF_X8R8G8B8,1x1x1.
15:34:07: Texture: Robot Link Material072RobotPickTexture: Loading 1 faces(PF_R8G8B8,1x1x1) with 0 generated mipmaps from Image. Internal format is PF_X8R8G8B8,1x1x1.
15:34:07: Texture: Robot Link Material073RobotPickTexture: Loading 1 faces(PF_R8G8B8,1x1x1) with 0 generated mipmaps from Image. Internal format is PF_X8R8G8B8,1x1x1.
15:34:07: Texture: Robot Link Material074RobotPickTexture: Loading 1 faces(PF_R8G8B8,1x1x1) with 0 generated mipmaps from Image. Internal format is PF_X8R8G8B8,1x1x1.
15:34:07: Texture: Robot Link Material075RobotPickTexture: Loading 1 faces(PF_R8G8B8,1x1x1) with 0 generated mipmaps from Image. Internal format is PF_X8R8G8B8,1x1x1.
15:34:07: Texture: Robot Link Material076RobotPickTexture: Loading 1 faces(PF_R8G8B8,1x1x1) with 0 generated mipmaps from Image. Internal format is PF_X8R8G8B8,1x1x1.
15:34:13: Texture: ogre_tools::Shape5MaterialPickTexture: Loading 1 faces(PF_R8G8B8,1x1x1) with 0 generated mipmaps from Image. Internal format is PF_X8R8G8B8,1x1x1.
15:34:13: Texture: ogre_tools::Shape6MaterialPickTexture: Loading 1 faces(PF_R8G8B8,1x1x1) with 0 generated mipmaps from Image. Internal format is PF_X8R8G8B8,1x1x1.
15:34:13: Texture: ogre_tools::Shape7MaterialPickTexture: Loading 1 faces(PF_R8G8B8,1x1x1) with 0 generated mipmaps from Image. Internal format is PF_X8R8G8B8,1x1x1.
15:34:13: Font Arialusing texture size 512x512
15:34:13: Info: Freetype returned null for character 160 in font Arial
15:34:13: Texture: ArialTexture: Loading 1 faces(PF_BYTE_LA,512x512x1) with 0 generated mipmaps from Image. Internal format is PF_BYTE_LA,512x512x1.
15:34:13: Texture: ogre_tools::Shape10MaterialPickTexture: Loading 1 faces(PF_R8G8B8,1x1x1) with 0 generated mipmaps from Image. Internal format is PF_X8R8G8B8,1x1x1.
15:34:13: Texture: ogre_tools::Shape11MaterialPickTexture: Loading 1 faces(PF_R8G8B8,1x1x1) with 0 generated mipmaps from Image. Internal format is PF_X8R8G8B8,1x1x1.
15:34:13: Texture: ogre_tools::Shape12MaterialPickTexture: Loading 1 faces(PF_R8G8B8,1x1x1) with 0 generated mipmaps from Image. Internal format is PF_X8R8G8B8,1x1x1.
15:34:13: Texture: ogre_tools::Shape15MaterialPickTexture: Loading 1 faces(PF_R8G8B8,1x1x1) with 0 generated mipmaps from Image. Internal format is PF_X8R8G8B8,1x1x1.
15:34:13: Texture: ogre_tools::Shape16MaterialPickTexture: Loading 1 faces(PF_R8G8B8,1x1x1) with 0 generated mipmaps from Image. Internal format is PF_X8R8G8B8,1x1x1.
15:34:13: Texture: ogre_tools::Shape17MaterialPickTexture: Loading 1 faces(PF_R8G8B8,1x1x1) with 0 generated mipmaps from Image. Internal format is PF_X8R8G8B8,1x1x1.
15:34:13: Texture: ogre_tools::Shape20MaterialPickTexture: Loading 1 faces(PF_R8G8B8,1x1x1) with 0 generated mipmaps from Image. Internal format is PF_X8R8G8B8,1x1x1.
15:34:13: Texture: ogre_tools::Shape21MaterialPickTexture: Loading 1 faces(PF_R8G8B8,1x1x1) with 0 generated mipmaps from Image. Internal format is PF_X8R8G8B8,1x1x1.
15:34:13: Texture: ogre_tools::Shape22MaterialPickTexture: Loading 1 faces(PF_R8G8B8,1x1x1) with 0 generated mipmaps from Image. Internal format is PF_X8R8G8B8,1x1x1.
15:34:13: Texture: ogre_tools::Shape25MaterialPickTexture: Loading 1 faces(PF_R8G8B8,1x1x1) with 0 generated mipmaps from Image. Internal format is PF_X8R8G8B8,1x1x1.
15:34:13: Texture: ogre_tools::Shape26MaterialPickTexture: Loading 1 faces(PF_R8G8B8,1x1x1) with 0 generated mipmaps from Image. Internal format is PF_X8R8G8B8,1x1x1.
15:34:13: Texture: ogre_tools::Shape27MaterialPickTexture: Loading 1 faces(PF_R8G8B8,1x1x1) with 0 generated mipmaps from Image. Internal format is PF_X8R8G8B8,1x1x1.
15:34:13: Texture: ogre_tools::Shape30MaterialPickTexture: Loading 1 faces(PF_R8G8B8,1x1x1) with 0 generated mipmaps from Image. Internal format is PF_X8R8G8B8,1x1x1.
15:34:13: Texture: ogre_tools::Shape31MaterialPickTexture: Loading 1 faces(PF_R8G8B8,1x1x1) with 0 generated mipmaps from Image. Internal format is PF_X8R8G8B8,1x1x1.
15:34:13: Texture: ogre_tools::Shape32MaterialPickTexture: Loading 1 faces(PF_R8G8B8,1x1x1) with 0 generated mipmaps from Image. Internal format is PF_X8R8G8B8,1x1x1.
15:34:13: Texture: ogre_tools::Shape35MaterialPickTexture: Loading 1 faces(PF_R8G8B8,1x1x1) with 0 generated mipmaps from Image. Internal format is PF_X8R8G8B8,1x1x1.
15:34:13: Texture: ogre_tools::Shape36MaterialPickTexture: Loading 1 faces(PF_R8G8B8,1x1x1) with 0 generated mipmaps from Image. Internal format is PF_X8R8G8B8,1x1x1.
15:34:13: Texture: ogre_tools::Shape37MaterialPickTexture: Loading 1 faces(PF_R8G8B8,1x1x1) with 0 generated mipmaps from Image. Internal format is PF_X8R8G8B8,1x1x1.
15:34:14: Texture: ogre_tools::Shape40MaterialPickTexture: Loading 1 faces(PF_R8G8B8,1x1x1) with 0 generated mipmaps from Image. Internal format is PF_X8R8G8B8,1x1x1.
15:34:14: Texture: ogre_tools::Shape41MaterialPickTexture: Loading 1 faces(PF_R8G8B8,1x1x1) with 0 generated mipmaps from Image. Internal format is PF_X8R8G8B8,1x1x1.
15:34:14: Texture: ogre_tools::Shape42MaterialPickTexture: Loading 1 faces(PF_R8G8B8,1x1x1) with 0 generated mipmaps from Image. Internal format is PF_X8R8G8B8,1x1x1.
15:34:14: Texture: ogre_tools::Shape45MaterialPickTexture: Loading 1 faces(PF_R8G8B8,1x1x1) with 0 generated mipmaps from Image. Internal format is PF_X8R8G8B8,1x1x1.
15:34:14: Texture: ogre_tools::Shape46MaterialPickTexture: Loading 1 faces(PF_R8G8B8,1x1x1) with 0 generated mipmaps from Image. Internal format is PF_X8R8G8B8,1x1x1.
15:34:14: Texture: ogre_tools::Shape47MaterialPickTexture: Loading 1 faces(PF_R8G8B8,1x1x1) with 0 generated mipmaps from Image. Internal format is PF_X8R8G8B8,1x1x1.
15:34:14: Texture: ogre_tools::Shape50MaterialPickTexture: Loading 1 faces(PF_R8G8B8,1x1x1) with 0 generated mipmaps from Image. Internal format is PF_X8R8G8B8,1x1x1.
15:34:14: Texture: ogre_tools::Shape51MaterialPickTexture: Loading 1 faces(PF_R8G8B8,1x1x1) with 0 generated mipmaps from Image. Internal format is PF_X8R8G8B8,1x1x1.
15:34:14: Texture: ogre_tools::Shape52MaterialPickTexture: Loading 1 faces(PF_R8G8B8,1x1x1) with 0 generated mipmaps from Image. Internal format is PF_X8R8G8B8,1x1x1.
15:34:14: Texture: ogre_tools::Shape55MaterialPickTexture: Loading 1 faces(PF_R8G8B8,1x1x1) with 0 generated mipmaps from Image. Internal format is PF_X8R8G8B8,1x1x1.
15:34:14: Texture: ogre_tools::Shape56MaterialPickTexture: Loading 1 faces(PF_R8G8B8,1x1x1) with 0 generated mipmaps from Image. Internal format is PF_X8R8G8B8,1x1x1.
15:34:14: Texture: ogre_tools::Shape57MaterialPickTexture: Loading 1 faces(PF_R8G8B8,1x1x1) with 0 generated mipmaps from Image. Internal format is PF_X8R8G8B8,1x1x1.
15:34:14: Texture: ogre_tools::Shape60MaterialPickTexture: Loading 1 faces(PF_R8G8B8,1x1x1) with 0 generated mipmaps from Image. Internal format is PF_X8R8G8B8,1x1x1.
15:34:14: Texture: ogre_tools::Shape61MaterialPickTexture: Loading 1 faces(PF_R8G8B8,1x1x1) with 0 generated mipmaps from Image. Internal format is PF_X8R8G8B8,1x1x1.
15:34:14: Texture: ogre_tools::Shape62MaterialPickTexture: Loading 1 faces(PF_R8G8B8,1x1x1) with 0 generated mipmaps from Image. Internal format is PF_X8R8G8B8,1x1x1.
15:34:14: Texture: ogre_tools::Shape65MaterialPickTexture: Loading 1 faces(PF_R8G8B8,1x1x1) with 0 generated mipmaps from Image. Internal format is PF_X8R8G8B8,1x1x1.
15:34:14: Texture: ogre_tools::Shape66MaterialPickTexture: Loading 1 faces(PF_R8G8B8,1x1x1) with 0 generated mipmaps from Image. Internal format is PF_X8R8G8B8,1x1x1.
15:34:14: Texture: ogre_tools::Shape67MaterialPickTexture: Loading 1 faces(PF_R8G8B8,1x1x1) with 0 generated mipmaps from Image. Internal format is PF_X8R8G8B8,1x1x1.
15:34:14: Texture: ogre_tools::Shape70MaterialPickTexture: Loading 1 faces(PF_R8G8B8,1x1x1) with 0 generated mipmaps from Image. Internal format is PF_X8R8G8B8,1x1x1.
15:34:14: Texture: ogre_tools::Shape71MaterialPickTexture: Loading 1 faces(PF_R8G8B8,1x1x1) with 0 generated mipmaps from Image. Internal format is PF_X8R8G8B8,1x1x1.
15:34:14: Texture: ogre_tools::Shape72MaterialPickTexture: Loading 1 faces(PF_R8G8B8,1x1x1) with 0 generated mipmaps from Image. Internal format is PF_X8R8G8B8,1x1x1.
15:34:14: Texture: ogre_tools::Shape75MaterialPickTexture: Loading 1 faces(PF_R8G8B8,1x1x1) with 0 generated mipmaps from Image. Internal format is PF_X8R8G8B8,1x1x1.
15:34:14: Texture: ogre_tools::Shape76MaterialPickTexture: Loading 1 faces(PF_R8G8B8,1x1x1) with 0 generated mipmaps from Image. Internal format is PF_X8R8G8B8,1x1x1.
15:34:14: Texture: ogre_tools::Shape77MaterialPickTexture: Loading 1 faces(PF_R8G8B8,1x1x1) with 0 generated mipmaps from Image. Internal format is PF_X8R8G8B8,1x1x1.
15:34:14: Texture: ogre_tools::Shape80MaterialPickTexture: Loading 1 faces(PF_R8G8B8,1x1x1) with 0 generated mipmaps from Image. Internal format is PF_X8R8G8B8,1x1x1.
15:34:14: Texture: ogre_tools::Shape81MaterialPickTexture: Loading 1 faces(PF_R8G8B8,1x1x1) with 0 generated mipmaps from Image. Internal format is PF_X8R8G8B8,1x1x1.
15:34:14: Texture: ogre_tools::Shape82MaterialPickTexture: Loading 1 faces(PF_R8G8B8,1x1x1) with 0 generated mipmaps from Image. Internal format is PF_X8R8G8B8,1x1x1.
15:34:14: Texture: ogre_tools::Shape85MaterialPickTexture: Loading 1 faces(PF_R8G8B8,1x1x1) with 0 generated mipmaps from Image. Internal format is PF_X8R8G8B8,1x1x1.
15:34:14: Texture: ogre_tools::Shape86MaterialPickTexture: Loading 1 faces(PF_R8G8B8,1x1x1) with 0 generated mipmaps from Image. Internal format is PF_X8R8G8B8,1x1x1.
15:34:14: Texture: ogre_tools::Shape87MaterialPickTexture: Loading 1 faces(PF_R8G8B8,1x1x1) with 0 generated mipmaps from Image. Internal format is PF_X8R8G8B8,1x1x1.
15:34:14: Texture: ogre_tools::Shape90MaterialPickTexture: Loading 1 faces(PF_R8G8B8,1x1x1) with 0 generated mipmaps from Image. Internal format is PF_X8R8G8B8,1x1x1.
15:34:14: Texture: ogre_tools::Shape91MaterialPickTexture: Loading 1 faces(PF_R8G8B8,1x1x1) with 0 generated mipmaps from Image. Internal format is PF_X8R8G8B8,1x1x1.
15:34:14: Texture: ogre_tools::Shape92MaterialPickTexture: Loading 1 faces(PF_R8G8B8,1x1x1) with 0 generated mipmaps from Image. Internal format is PF_X8R8G8B8,1x1x1.
15:34:14: Texture: ogre_tools::Shape95MaterialPickTexture: Loading 1 faces(PF_R8G8B8,1x1x1) with 0 generated mipmaps from Image. Internal format is PF_X8R8G8B8,1x1x1.
15:34:14: Texture: ogre_tools::Shape96MaterialPickTexture: Loading 1 faces(PF_R8G8B8,1x1x1) with 0 generated mipmaps from Image. Internal format is PF_X8R8G8B8,1x1x1.
15:34:14: Texture: ogre_tools::Shape97MaterialPickTexture: Loading 1 faces(PF_R8G8B8,1x1x1) with 0 generated mipmaps from Image. Internal format is PF_X8R8G8B8,1x1x1.
15:34:14: Texture: ogre_tools::Shape100MaterialPickTexture: Loading 1 faces(PF_R8G8B8,1x1x1) with 0 generated mipmaps from Image. Internal format is PF_X8R8G8B8,1x1x1.
15:34:14: Texture: ogre_tools::Shape101MaterialPickTexture: Loading 1 faces(PF_R8G8B8,1x1x1) with 0 generated mipmaps from Image. Internal format is PF_X8R8G8B8,1x1x1.
15:34:14: Texture: ogre_tools::Shape102MaterialPickTexture: Loading 1 faces(PF_R8G8B8,1x1x1) with 0 generated mipmaps from Image. Internal format is PF_X8R8G8B8,1x1x1.
15:34:14: Texture: ogre_tools::Shape105MaterialPickTexture: Loading 1 faces(PF_R8G8B8,1x1x1) with 0 generated mipmaps from Image. Internal format is PF_X8R8G8B8,1x1x1.
15:34:14: Texture: ogre_tools::Shape106MaterialPickTexture: Loading 1 faces(PF_R8G8B8,1x1x1) with 0 generated mipmaps from Image. Internal format is PF_X8R8G8B8,1x1x1.
15:34:14: Texture: ogre_tools::Shape107MaterialPickTexture: Loading 1 faces(PF_R8G8B8,1x1x1) with 0 generated mipmaps from Image. Internal format is PF_X8R8G8B8,1x1x1.
15:34:14: Texture: ogre_tools::Shape110MaterialPickTexture: Loading 1 faces(PF_R8G8B8,1x1x1) with 0 generated mipmaps from Image. Internal format is PF_X8R8G8B8,1x1x1.
15:34:14: Texture: ogre_tools::Shape111MaterialPickTexture: Loading 1 faces(PF_R8G8B8,1x1x1) with 0 generated mipmaps from Image. Internal format is PF_X8R8G8B8,1x1x1.
15:34:14: Texture: ogre_tools::Shape112MaterialPickTexture: Loading 1 faces(PF_R8G8B8,1x1x1) with 0 generated mipmaps from Image. Internal format is PF_X8R8G8B8,1x1x1.
15:34:14: Texture: ogre_tools::Shape115MaterialPickTexture: Loading 1 faces(PF_R8G8B8,1x1x1) with 0 generated mipmaps from Image. Internal format is PF_X8R8G8B8,1x1x1.
15:34:14: Texture: ogre_tools::Shape116MaterialPickTexture: Loading 1 faces(PF_R8G8B8,1x1x1) with 0 generated mipmaps from Image. Internal format is PF_X8R8G8B8,1x1x1.
15:34:14: Texture: ogre_tools::Shape117MaterialPickTexture: Loading 1 faces(PF_R8G8B8,1x1x1) with 0 generated mipmaps from Image. Internal format is PF_X8R8G8B8,1x1x1.
15:34:14: Texture: ogre_tools::Shape120MaterialPickTexture: Loading 1 faces(PF_R8G8B8,1x1x1) with 0 generated mipmaps from Image. Internal format is PF_X8R8G8B8,1x1x1.
15:34:14: Texture: ogre_tools::Shape121MaterialPickTexture: Loading 1 faces(PF_R8G8B8,1x1x1) with 0 generated mipmaps from Image. Internal format is PF_X8R8G8B8,1x1x1.
15:34:14: Texture: ogre_tools::Shape122MaterialPickTexture: Loading 1 faces(PF_R8G8B8,1x1x1) with 0 generated mipmaps from Image. Internal format is PF_X8R8G8B8,1x1x1.
15:34:14: Texture: ogre_tools::Shape125MaterialPickTexture: Loading 1 faces(PF_R8G8B8,1x1x1) with 0 generated mipmaps from Image. Internal format is PF_X8R8G8B8,1x1x1.
15:34:14: Texture: ogre_tools::Shape126MaterialPickTexture: Loading 1 faces(PF_R8G8B8,1x1x1) with 0 generated mipmaps from Image. Internal format is PF_X8R8G8B8,1x1x1.
15:34:14: Texture: ogre_tools::Shape127MaterialPickTexture: Loading 1 faces(PF_R8G8B8,1x1x1) with 0 generated mipmaps from Image. Internal format is PF_X8R8G8B8,1x1x1.
15:34:14: Texture: ogre_tools::Shape130MaterialPickTexture: Loading 1 faces(PF_R8G8B8,1x1x1) with 0 generated mipmaps from Image. Internal format is PF_X8R8G8B8,1x1x1.
15:34:14: Texture: ogre_tools::Shape131MaterialPickTexture: Loading 1 faces(PF_R8G8B8,1x1x1) with 0 generated mipmaps from Image. Internal format is PF_X8R8G8B8,1x1x1.
15:34:14: Texture: ogre_tools::Shape132MaterialPickTexture: Loading 1 faces(PF_R8G8B8,1x1x1) with 0 generated mipmaps from Image. Internal format is PF_X8R8G8B8,1x1x1.
15:34:14: Texture: ogre_tools::Shape135MaterialPickTexture: Loading 1 faces(PF_R8G8B8,1x1x1) with 0 generated mipmaps from Image. Internal format is PF_X8R8G8B8,1x1x1.
15:34:14: Texture: ogre_tools::Shape136MaterialPickTexture: Loading 1 faces(PF_R8G8B8,1x1x1) with 0 generated mipmaps from Image. Internal format is PF_X8R8G8B8,1x1x1.
15:34:14: Texture: ogre_tools::Shape137MaterialPickTexture: Loading 1 faces(PF_R8G8B8,1x1x1) with 0 generated mipmaps from Image. Internal format is PF_X8R8G8B8,1x1x1.
15:34:14: Texture: ogre_tools::Shape140MaterialPickTexture: Loading 1 faces(PF_R8G8B8,1x1x1) with 0 generated mipmaps from Image. Internal format is PF_X8R8G8B8,1x1x1.
15:34:14: Texture: ogre_tools::Shape141MaterialPickTexture: Loading 1 faces(PF_R8G8B8,1x1x1) with 0 generated mipmaps from Image. Internal format is PF_X8R8G8B8,1x1x1.
15:34:14: Texture: ogre_tools::Shape142MaterialPickTexture: Loading 1 faces(PF_R8G8B8,1x1x1) with 0 generated mipmaps from Image. Internal format is PF_X8R8G8B8,1x1x1.
15:34:14: Texture: ogre_tools::Shape145MaterialPickTexture: Loading 1 faces(PF_R8G8B8,1x1x1) with 0 generated mipmaps from Image. Internal format is PF_X8R8G8B8,1x1x1.
15:34:14: Texture: ogre_tools::Shape146MaterialPickTexture: Loading 1 faces(PF_R8G8B8,1x1x1) with 0 generated mipmaps from Image. Internal format is PF_X8R8G8B8,1x1x1.
15:34:14: Texture: ogre_tools::Shape147MaterialPickTexture: Loading 1 faces(PF_R8G8B8,1x1x1) with 0 generated mipmaps from Image. Internal format is PF_X8R8G8B8,1x1x1.
15:34:14: Texture: ogre_tools::Shape150MaterialPickTexture: Loading 1 faces(PF_R8G8B8,1x1x1) with 0 generated mipmaps from Image. Internal format is PF_X8R8G8B8,1x1x1.
15:34:14: Texture: ogre_tools::Shape151MaterialPickTexture: Loading 1 faces(PF_R8G8B8,1x1x1) with 0 generated mipmaps from Image. Internal format is PF_X8R8G8B8,1x1x1.
15:34:14: Texture: ogre_tools::Shape152MaterialPickTexture: Loading 1 faces(PF_R8G8B8,1x1x1) with 0 generated mipmaps from Image. Internal format is PF_X8R8G8B8,1x1x1.
15:34:14: Texture: ogre_tools::Shape155MaterialPickTexture: Loading 1 faces(PF_R8G8B8,1x1x1) with 0 generated mipmaps from Image. Internal format is PF_X8R8G8B8,1x1x1.
15:34:14: Texture: ogre_tools::Shape156MaterialPickTexture: Loading 1 faces(PF_R8G8B8,1x1x1) with 0 generated mipmaps from Image. Internal format is PF_X8R8G8B8,1x1x1.
15:34:14: Texture: ogre_tools::Shape157MaterialPickTexture: Loading 1 faces(PF_R8G8B8,1x1x1) with 0 generated mipmaps from Image. Internal format is PF_X8R8G8B8,1x1x1.
15:34:14: Texture: ogre_tools::Shape160MaterialPickTexture: Loading 1 faces(PF_R8G8B8,1x1x1) with 0 generated mipmaps from Image. Internal format is PF_X8R8G8B8,1x1x1.
15:34:14: Texture: ogre_tools::Shape161MaterialPickTexture: Loading 1 faces(PF_R8G8B8,1x1x1) with 0 generated mipmaps from Image. Internal format is PF_X8R8G8B8,1x1x1.
15:34:14: Texture: ogre_tools::Shape162MaterialPickTexture: Loading 1 faces(PF_R8G8B8,1x1x1) with 0 generated mipmaps from Image. Internal format is PF_X8R8G8B8,1x1x1.
15:34:14: Texture: ogre_tools::Shape165MaterialPickTexture: Loading 1 faces(PF_R8G8B8,1x1x1) with 0 generated mipmaps from Image. Internal format is PF_X8R8G8B8,1x1x1.
15:34:14: Texture: ogre_tools::Shape166MaterialPickTexture: Loading 1 faces(PF_R8G8B8,1x1x1) with 0 generated mipmaps from Image. Internal format is PF_X8R8G8B8,1x1x1.
15:34:14: Texture: ogre_tools::Shape167MaterialPickTexture: Loading 1 faces(PF_R8G8B8,1x1x1) with 0 generated mipmaps from Image. Internal format is PF_X8R8G8B8,1x1x1.
15:34:14: Texture: ogre_tools::Shape170MaterialPickTexture: Loading 1 faces(PF_R8G8B8,1x1x1) with 0 generated mipmaps from Image. Internal format is PF_X8R8G8B8,1x1x1.
15:34:14: Texture: ogre_tools::Shape171MaterialPickTexture: Loading 1 faces(PF_R8G8B8,1x1x1) with 0 generated mipmaps from Image. Internal format is PF_X8R8G8B8,1x1x1.
15:34:14: Texture: ogre_tools::Shape172MaterialPickTexture: Loading 1 faces(PF_R8G8B8,1x1x1) with 0 generated mipmaps from Image. Internal format is PF_X8R8G8B8,1x1x1.
15:34:14: Texture: ogre_tools::Shape175MaterialPickTexture: Loading 1 faces(PF_R8G8B8,1x1x1) with 0 generated mipmaps from Image. Internal format is PF_X8R8G8B8,1x1x1.
15:34:14: Texture: ogre_tools::Shape176MaterialPickTexture: Loading 1 faces(PF_R8G8B8,1x1x1) with 0 generated mipmaps from Image. Internal format is PF_X8R8G8B8,1x1x1.
15:34:14: Texture: ogre_tools::Shape177MaterialPickTexture: Loading 1 faces(PF_R8G8B8,1x1x1) with 0 generated mipmaps from Image. Internal format is PF_X8R8G8B8,1x1x1.
15:34:14: Texture: ogre_tools::Shape180MaterialPickTexture: Loading 1 faces(PF_R8G8B8,1x1x1) with 0 generated mipmaps from Image. Internal format is PF_X8R8G8B8,1x1x1.
15:34:14: Texture: ogre_tools::Shape181MaterialPickTexture: Loading 1 faces(PF_R8G8B8,1x1x1) with 0 generated mipmaps from Image. Internal format is PF_X8R8G8B8,1x1x1.
15:34:14: Texture: ogre_tools::Shape182MaterialPickTexture: Loading 1 faces(PF_R8G8B8,1x1x1) with 0 generated mipmaps from Image. Internal format is PF_X8R8G8B8,1x1x1.
15:34:14: Texture: ogre_tools::Shape185MaterialPickTexture: Loading 1 faces(PF_R8G8B8,1x1x1) with 0 generated mipmaps from Image. Internal format is PF_X8R8G8B8,1x1x1.
15:34:14: Texture: ogre_tools::Shape186MaterialPickTexture: Loading 1 faces(PF_R8G8B8,1x1x1) with 0 generated mipmaps from Image. Internal format is PF_X8R8G8B8,1x1x1.
15:34:14: Texture: ogre_tools::Shape187MaterialPickTexture: Loading 1 faces(PF_R8G8B8,1x1x1) with 0 generated mipmaps from Image. Internal format is PF_X8R8G8B8,1x1x1.
15:34:14: Texture: ogre_tools::Shape190MaterialPickTexture: Loading 1 faces(PF_R8G8B8,1x1x1) with 0 generated mipmaps from Image. Internal format is PF_X8R8G8B8,1x1x1.
15:34:14: Texture: ogre_tools::Shape191MaterialPickTexture: Loading 1 faces(PF_R8G8B8,1x1x1) with 0 generated mipmaps from Image. Internal format is PF_X8R8G8B8,1x1x1.
15:34:14: Texture: ogre_tools::Shape192MaterialPickTexture: Loading 1 faces(PF_R8G8B8,1x1x1) with 0 generated mipmaps from Image. Internal format is PF_X8R8G8B8,1x1x1.
15:34:14: Texture: ogre_tools::Shape195MaterialPickTexture: Loading 1 faces(PF_R8G8B8,1x1x1) with 0 generated mipmaps from Image. Internal format is PF_X8R8G8B8,1x1x1.
15:34:14: Texture: ogre_tools::Shape196MaterialPickTexture: Loading 1 faces(PF_R8G8B8,1x1x1) with 0 generated mipmaps from Image. Internal format is PF_X8R8G8B8,1x1x1.
15:34:14: Texture: ogre_tools::Shape197MaterialPickTexture: Loading 1 faces(PF_R8G8B8,1x1x1) with 0 generated mipmaps from Image. Internal format is PF_X8R8G8B8,1x1x1.
15:34:14: Texture: ogre_tools::Shape200MaterialPickTexture: Loading 1 faces(PF_R8G8B8,1x1x1) with 0 generated mipmaps from Image. Internal format is PF_X8R8G8B8,1x1x1.
15:34:14: Texture: ogre_tools::Shape201MaterialPickTexture: Loading 1 faces(PF_R8G8B8,1x1x1) with 0 generated mipmaps from Image. Internal format is PF_X8R8G8B8,1x1x1.
15:34:14: Texture: ogre_tools::Shape202MaterialPickTexture: Loading 1 faces(PF_R8G8B8,1x1x1) with 0 generated mipmaps from Image. Internal format is PF_X8R8G8B8,1x1x1.
15:34:14: Texture: ogre_tools::Shape205MaterialPickTexture: Loading 1 faces(PF_R8G8B8,1x1x1) with 0 generated mipmaps from Image. Internal format is PF_X8R8G8B8,1x1x1.
15:34:14: Texture: ogre_tools::Shape206MaterialPickTexture: Loading 1 faces(PF_R8G8B8,1x1x1) with 0 generated mipmaps from Image. Internal format is PF_X8R8G8B8,1x1x1.
15:34:14: Texture: ogre_tools::Shape207MaterialPickTexture: Loading 1 faces(PF_R8G8B8,1x1x1) with 0 generated mipmaps from Image. Internal format is PF_X8R8G8B8,1x1x1.
15:34:14: Texture: ogre_tools::Shape210MaterialPickTexture: Loading 1 faces(PF_R8G8B8,1x1x1) with 0 generated mipmaps from Image. Internal format is PF_X8R8G8B8,1x1x1.
15:34:14: Texture: ogre_tools::Shape211MaterialPickTexture: Loading 1 faces(PF_R8G8B8,1x1x1) with 0 generated mipmaps from Image. Internal format is PF_X8R8G8B8,1x1x1.
15:34:14: Texture: ogre_tools::Shape212MaterialPickTexture: Loading 1 faces(PF_R8G8B8,1x1x1) with 0 generated mipmaps from Image. Internal format is PF_X8R8G8B8,1x1x1.
15:34:14: Texture: ogre_tools::Shape215MaterialPickTexture: Loading 1 faces(PF_R8G8B8,1x1x1) with 0 generated mipmaps from Image. Internal format is PF_X8R8G8B8,1x1x1.
15:34:14: Texture: ogre_tools::Shape216MaterialPickTexture: Loading 1 faces(PF_R8G8B8,1x1x1) with 0 generated mipmaps from Image. Internal format is PF_X8R8G8B8,1x1x1.
15:34:14: Texture: ogre_tools::Shape217MaterialPickTexture: Loading 1 faces(PF_R8G8B8,1x1x1) with 0 generated mipmaps from Image. Internal format is PF_X8R8G8B8,1x1x1.
15:34:14: Texture: ogre_tools::Shape220MaterialPickTexture: Loading 1 faces(PF_R8G8B8,1x1x1) with 0 generated mipmaps from Image. Internal format is PF_X8R8G8B8,1x1x1.
15:34:14: Texture: ogre_tools::Shape221MaterialPickTexture: Loading 1 faces(PF_R8G8B8,1x1x1) with 0 generated mipmaps from Image. Internal format is PF_X8R8G8B8,1x1x1.
15:34:14: Texture: ogre_tools::Shape222MaterialPickTexture: Loading 1 faces(PF_R8G8B8,1x1x1) with 0 generated mipmaps from Image. Internal format is PF_X8R8G8B8,1x1x1.
15:34:14: Texture: ogre_tools::Shape225MaterialPickTexture: Loading 1 faces(PF_R8G8B8,1x1x1) with 0 generated mipmaps from Image. Internal format is PF_X8R8G8B8,1x1x1.
15:34:14: Texture: ogre_tools::Shape226MaterialPickTexture: Loading 1 faces(PF_R8G8B8,1x1x1) with 0 generated mipmaps from Image. Internal format is PF_X8R8G8B8,1x1x1.
15:34:14: Texture: ogre_tools::Shape227MaterialPickTexture: Loading 1 faces(PF_R8G8B8,1x1x1) with 0 generated mipmaps from Image. Internal format is PF_X8R8G8B8,1x1x1.
15:34:14: Texture: ogre_tools::Shape230MaterialPickTexture: Loading 1 faces(PF_R8G8B8,1x1x1) with 0 generated mipmaps from Image. Internal format is PF_X8R8G8B8,1x1x1.
15:34:14: Texture: ogre_tools::Shape231MaterialPickTexture: Loading 1 faces(PF_R8G8B8,1x1x1) with 0 generated mipmaps from Image. Internal format is PF_X8R8G8B8,1x1x1.
15:34:14: Texture: ogre_tools::Shape232MaterialPickTexture: Loading 1 faces(PF_R8G8B8,1x1x1) with 0 generated mipmaps from Image. Internal format is PF_X8R8G8B8,1x1x1.
15:34:14: Texture: ogre_tools::Shape235MaterialPickTexture: Loading 1 faces(PF_R8G8B8,1x1x1) with 0 generated mipmaps from Image. Internal format is PF_X8R8G8B8,1x1x1.
15:34:14: Texture: ogre_tools::Shape236MaterialPickTexture: Loading 1 faces(PF_R8G8B8,1x1x1) with 0 generated mipmaps from Image. Internal format is PF_X8R8G8B8,1x1x1.
15:34:14: Texture: ogre_tools::Shape237MaterialPickTexture: Loading 1 faces(PF_R8G8B8,1x1x1) with 0 generated mipmaps from Image. Internal format is PF_X8R8G8B8,1x1x1.
15:34:14: Texture: ogre_tools::Shape240MaterialPickTexture: Loading 1 faces(PF_R8G8B8,1x1x1) with 0 generated mipmaps from Image. Internal format is PF_X8R8G8B8,1x1x1.
15:34:14: Texture: ogre_tools::Shape241MaterialPickTexture: Loading 1 faces(PF_R8G8B8,1x1x1) with 0 generated mipmaps from Image. Internal format is PF_X8R8G8B8,1x1x1.
15:34:14: Texture: ogre_tools::Shape242MaterialPickTexture: Loading 1 faces(PF_R8G8B8,1x1x1) with 0 generated mipmaps from Image. Internal format is PF_X8R8G8B8,1x1x1.
15:34:14: Texture: ogre_tools::Shape245MaterialPickTexture: Loading 1 faces(PF_R8G8B8,1x1x1) with 0 generated mipmaps from Image. Internal format is PF_X8R8G8B8,1x1x1.
15:34:14: Texture: ogre_tools::Shape246MaterialPickTexture: Loading 1 faces(PF_R8G8B8,1x1x1) with 0 generated mipmaps from Image. Internal format is PF_X8R8G8B8,1x1x1.
15:34:14: Texture: ogre_tools::Shape247MaterialPickTexture: Loading 1 faces(PF_R8G8B8,1x1x1) with 0 generated mipmaps from Image. Internal format is PF_X8R8G8B8,1x1x1.
15:34:14: Texture: ogre_tools::Shape250MaterialPickTexture: Loading 1 faces(PF_R8G8B8,1x1x1) with 0 generated mipmaps from Image. Internal format is PF_X8R8G8B8,1x1x1.
15:34:14: Texture: ogre_tools::Shape251MaterialPickTexture: Loading 1 faces(PF_R8G8B8,1x1x1) with 0 generated mipmaps from Image. Internal format is PF_X8R8G8B8,1x1x1.
15:34:14: Texture: ogre_tools::Shape252MaterialPickTexture: Loading 1 faces(PF_R8G8B8,1x1x1) with 0 generated mipmaps from Image. Internal format is PF_X8R8G8B8,1x1x1.
15:34:14: Texture: ogre_tools::Shape255MaterialPickTexture: Loading 1 faces(PF_R8G8B8,1x1x1) with 0 generated mipmaps from Image. Internal format is PF_X8R8G8B8,1x1x1.
15:34:14: Texture: ogre_tools::Shape256MaterialPickTexture: Loading 1 faces(PF_R8G8B8,1x1x1) with 0 generated mipmaps from Image. Internal format is PF_X8R8G8B8,1x1x1.
15:34:14: Texture: ogre_tools::Shape257MaterialPickTexture: Loading 1 faces(PF_R8G8B8,1x1x1) with 0 generated mipmaps from Image. Internal format is PF_X8R8G8B8,1x1x1.
15:34:14: Texture: ogre_tools::Shape260MaterialPickTexture: Loading 1 faces(PF_R8G8B8,1x1x1) with 0 generated mipmaps from Image. Internal format is PF_X8R8G8B8,1x1x1.
15:34:14: Texture: ogre_tools::Shape261MaterialPickTexture: Loading 1 faces(PF_R8G8B8,1x1x1) with 0 generated mipmaps from Image. Internal format is PF_X8R8G8B8,1x1x1.
15:34:14: Texture: ogre_tools::Shape262MaterialPickTexture: Loading 1 faces(PF_R8G8B8,1x1x1) with 0 generated mipmaps from Image. Internal format is PF_X8R8G8B8,1x1x1.
15:34:14: Texture: ogre_tools::Shape265MaterialPickTexture: Loading 1 faces(PF_R8G8B8,1x1x1) with 0 generated mipmaps from Image. Internal format is PF_X8R8G8B8,1x1x1.
15:34:14: Texture: ogre_tools::Shape266MaterialPickTexture: Loading 1 faces(PF_R8G8B8,1x1x1) with 0 generated mipmaps from Image. Internal format is PF_X8R8G8B8,1x1x1.
15:34:14: Texture: ogre_tools::Shape267MaterialPickTexture: Loading 1 faces(PF_R8G8B8,1x1x1) with 0 generated mipmaps from Image. Internal format is PF_X8R8G8B8,1x1x1.
15:34:14: Texture: ogre_tools::Shape270MaterialPickTexture: Loading 1 faces(PF_R8G8B8,1x1x1) with 0 generated mipmaps from Image. Internal format is PF_X8R8G8B8,1x1x1.
15:34:14: Texture: ogre_tools::Shape271MaterialPickTexture: Loading 1 faces(PF_R8G8B8,1x1x1) with 0 generated mipmaps from Image. Internal format is PF_X8R8G8B8,1x1x1.
15:34:14: Texture: ogre_tools::Shape272MaterialPickTexture: Loading 1 faces(PF_R8G8B8,1x1x1) with 0 generated mipmaps from Image. Internal format is PF_X8R8G8B8,1x1x1.
15:34:14: Texture: ogre_tools::Shape275MaterialPickTexture: Loading 1 faces(PF_R8G8B8,1x1x1) with 0 generated mipmaps from Image. Internal format is PF_X8R8G8B8,1x1x1.
15:34:14: Texture: ogre_tools::Shape276MaterialPickTexture: Loading 1 faces(PF_R8G8B8,1x1x1) with 0 generated mipmaps from Image. Internal format is PF_X8R8G8B8,1x1x1.
15:34:14: Texture: ogre_tools::Shape277MaterialPickTexture: Loading 1 faces(PF_R8G8B8,1x1x1) with 0 generated mipmaps from Image. Internal format is PF_X8R8G8B8,1x1x1.
15:34:14: Texture: ogre_tools::Shape280MaterialPickTexture: Loading 1 faces(PF_R8G8B8,1x1x1) with 0 generated mipmaps from Image. Internal format is PF_X8R8G8B8,1x1x1.
15:34:14: Texture: ogre_tools::Shape281MaterialPickTexture: Loading 1 faces(PF_R8G8B8,1x1x1) with 0 generated mipmaps from Image. Internal format is PF_X8R8G8B8,1x1x1.
15:34:14: Texture: ogre_tools::Shape282MaterialPickTexture: Loading 1 faces(PF_R8G8B8,1x1x1) with 0 generated mipmaps from Image. Internal format is PF_X8R8G8B8,1x1x1.
15:34:14: Texture: ogre_tools::Shape285MaterialPickTexture: Loading 1 faces(PF_R8G8B8,1x1x1) with 0 generated mipmaps from Image. Internal format is PF_X8R8G8B8,1x1x1.
15:34:14: Texture: ogre_tools::Shape286MaterialPickTexture: Loading 1 faces(PF_R8G8B8,1x1x1) with 0 generated mipmaps from Image. Internal format is PF_X8R8G8B8,1x1x1.
15:34:14: Texture: ogre_tools::Shape287MaterialPickTexture: Loading 1 faces(PF_R8G8B8,1x1x1) with 0 generated mipmaps from Image. Internal format is PF_X8R8G8B8,1x1x1.
15:34:14: Texture: ogre_tools::Shape290MaterialPickTexture: Loading 1 faces(PF_R8G8B8,1x1x1) with 0 generated mipmaps from Image. Internal format is PF_X8R8G8B8,1x1x1.
15:34:14: Texture: ogre_tools::Shape291MaterialPickTexture: Loading 1 faces(PF_R8G8B8,1x1x1) with 0 generated mipmaps from Image. Internal format is PF_X8R8G8B8,1x1x1.
15:34:14: Texture: ogre_tools::Shape292MaterialPickTexture: Loading 1 faces(PF_R8G8B8,1x1x1) with 0 generated mipmaps from Image. Internal format is PF_X8R8G8B8,1x1x1.
15:34:14: Texture: ogre_tools::Shape295MaterialPickTexture: Loading 1 faces(PF_R8G8B8,1x1x1) with 0 generated mipmaps from Image. Internal format is PF_X8R8G8B8,1x1x1.
15:34:14: Texture: ogre_tools::Shape296MaterialPickTexture: Loading 1 faces(PF_R8G8B8,1x1x1) with 0 generated mipmaps from Image. Internal format is PF_X8R8G8B8,1x1x1.
15:34:14: Texture: ogre_tools::Shape297MaterialPickTexture: Loading 1 faces(PF_R8G8B8,1x1x1) with 0 generated mipmaps from Image. Internal format is PF_X8R8G8B8,1x1x1.
15:34:14: Texture: ogre_tools::Shape300MaterialPickTexture: Loading 1 faces(PF_R8G8B8,1x1x1) with 0 generated mipmaps from Image. Internal format is PF_X8R8G8B8,1x1x1.
15:34:14: Texture: ogre_tools::Shape301MaterialPickTexture: Loading 1 faces(PF_R8G8B8,1x1x1) with 0 generated mipmaps from Image. Internal format is PF_X8R8G8B8,1x1x1.
15:34:14: Texture: ogre_tools::Shape302MaterialPickTexture: Loading 1 faces(PF_R8G8B8,1x1x1) with 0 generated mipmaps from Image. Internal format is PF_X8R8G8B8,1x1x1.
15:34:14: Texture: ogre_tools::Shape305MaterialPickTexture: Loading 1 faces(PF_R8G8B8,1x1x1) with 0 generated mipmaps from Image. Internal format is PF_X8R8G8B8,1x1x1.
15:34:14: Texture: ogre_tools::Shape306MaterialPickTexture: Loading 1 faces(PF_R8G8B8,1x1x1) with 0 generated mipmaps from Image. Internal format is PF_X8R8G8B8,1x1x1.
15:34:14: Texture: ogre_tools::Shape307MaterialPickTexture: Loading 1 faces(PF_R8G8B8,1x1x1) with 0 generated mipmaps from Image. Internal format is PF_X8R8G8B8,1x1x1.
15:34:14: Texture: ogre_tools::Shape310MaterialPickTexture: Loading 1 faces(PF_R8G8B8,1x1x1) with 0 generated mipmaps from Image. Internal format is PF_X8R8G8B8,1x1x1.
15:34:14: Texture: ogre_tools::Shape311MaterialPickTexture: Loading 1 faces(PF_R8G8B8,1x1x1) with 0 generated mipmaps from Image. Internal format is PF_X8R8G8B8,1x1x1.
15:34:14: Texture: ogre_tools::Shape312MaterialPickTexture: Loading 1 faces(PF_R8G8B8,1x1x1) with 0 generated mipmaps from Image. Internal format is PF_X8R8G8B8,1x1x1.
15:34:14: Texture: ogre_tools::Shape315MaterialPickTexture: Loading 1 faces(PF_R8G8B8,1x1x1) with 0 generated mipmaps from Image. Internal format is PF_X8R8G8B8,1x1x1.
15:34:14: Texture: ogre_tools::Shape316MaterialPickTexture: Loading 1 faces(PF_R8G8B8,1x1x1) with 0 generated mipmaps from Image. Internal format is PF_X8R8G8B8,1x1x1.
15:34:14: Texture: ogre_tools::Shape317MaterialPickTexture: Loading 1 faces(PF_R8G8B8,1x1x1) with 0 generated mipmaps from Image. Internal format is PF_X8R8G8B8,1x1x1.
15:34:14: Texture: ogre_tools::Shape320MaterialPickTexture: Loading 1 faces(PF_R8G8B8,1x1x1) with 0 generated mipmaps from Image. Internal format is PF_X8R8G8B8,1x1x1.
15:34:14: Texture: ogre_tools::Shape321MaterialPickTexture: Loading 1 faces(PF_R8G8B8,1x1x1) with 0 generated mipmaps from Image. Internal format is PF_X8R8G8B8,1x1x1.
15:34:14: Texture: ogre_tools::Shape322MaterialPickTexture: Loading 1 faces(PF_R8G8B8,1x1x1) with 0 generated mipmaps from Image. Internal format is PF_X8R8G8B8,1x1x1.
15:34:14: Texture: ogre_tools::Shape325MaterialPickTexture: Loading 1 faces(PF_R8G8B8,1x1x1) with 0 generated mipmaps from Image. Internal format is PF_X8R8G8B8,1x1x1.
15:34:14: Texture: ogre_tools::Shape326MaterialPickTexture: Loading 1 faces(PF_R8G8B8,1x1x1) with 0 generated mipmaps from Image. Internal format is PF_X8R8G8B8,1x1x1.
15:34:14: Texture: ogre_tools::Shape327MaterialPickTexture: Loading 1 faces(PF_R8G8B8,1x1x1) with 0 generated mipmaps from Image. Internal format is PF_X8R8G8B8,1x1x1.
15:34:14: Texture: ogre_tools::Shape330MaterialPickTexture: Loading 1 faces(PF_R8G8B8,1x1x1) with 0 generated mipmaps from Image. Internal format is PF_X8R8G8B8,1x1x1.
15:34:14: Texture: ogre_tools::Shape331MaterialPickTexture: Loading 1 faces(PF_R8G8B8,1x1x1) with 0 generated mipmaps from Image. Internal format is PF_X8R8G8B8,1x1x1.
15:34:14: Texture: ogre_tools::Shape332MaterialPickTexture: Loading 1 faces(PF_R8G8B8,1x1x1) with 0 generated mipmaps from Image. Internal format is PF_X8R8G8B8,1x1x1.
15:34:14: Texture: ogre_tools::Shape335MaterialPickTexture: Loading 1 faces(PF_R8G8B8,1x1x1) with 0 generated mipmaps from Image. Internal format is PF_X8R8G8B8,1x1x1.
15:34:14: Texture: ogre_tools::Shape336MaterialPickTexture: Loading 1 faces(PF_R8G8B8,1x1x1) with 0 generated mipmaps from Image. Internal format is PF_X8R8G8B8,1x1x1.
15:34:14: Texture: ogre_tools::Shape337MaterialPickTexture: Loading 1 faces(PF_R8G8B8,1x1x1) with 0 generated mipmaps from Image. Internal format is PF_X8R8G8B8,1x1x1.
15:34:14: Texture: ogre_tools::Shape340MaterialPickTexture: Loading 1 faces(PF_R8G8B8,1x1x1) with 0 generated mipmaps from Image. Internal format is PF_X8R8G8B8,1x1x1.
15:34:14: Texture: ogre_tools::Shape341MaterialPickTexture: Loading 1 faces(PF_R8G8B8,1x1x1) with 0 generated mipmaps from Image. Internal format is PF_X8R8G8B8,1x1x1.
15:34:14: Texture: ogre_tools::Shape342MaterialPickTexture: Loading 1 faces(PF_R8G8B8,1x1x1) with 0 generated mipmaps from Image. Internal format is PF_X8R8G8B8,1x1x1.
15:34:14: Texture: ogre_tools::Shape345MaterialPickTexture: Loading 1 faces(PF_R8G8B8,1x1x1) with 0 generated mipmaps from Image. Internal format is PF_X8R8G8B8,1x1x1.
15:34:14: Texture: ogre_tools::Shape346MaterialPickTexture: Loading 1 faces(PF_R8G8B8,1x1x1) with 0 generated mipmaps from Image. Internal format is PF_X8R8G8B8,1x1x1.
15:34:14: Texture: ogre_tools::Shape347MaterialPickTexture: Loading 1 faces(PF_R8G8B8,1x1x1) with 0 generated mipmaps from Image. Internal format is PF_X8R8G8B8,1x1x1.
15:34:14: Texture: ogre_tools::Shape350MaterialPickTexture: Loading 1 faces(PF_R8G8B8,1x1x1) with 0 generated mipmaps from Image. Internal format is PF_X8R8G8B8,1x1x1.
15:34:14: Texture: ogre_tools::Shape351MaterialPickTexture: Loading 1 faces(PF_R8G8B8,1x1x1) with 0 generated mipmaps from Image. Internal format is PF_X8R8G8B8,1x1x1.
15:34:14: Texture: ogre_tools::Shape352MaterialPickTexture: Loading 1 faces(PF_R8G8B8,1x1x1) with 0 generated mipmaps from Image. Internal format is PF_X8R8G8B8,1x1x1.
15:34:14: Texture: ogre_tools::Shape355MaterialPickTexture: Loading 1 faces(PF_R8G8B8,1x1x1) with 0 generated mipmaps from Image. Internal format is PF_X8R8G8B8,1x1x1.
15:34:14: Texture: ogre_tools::Shape356MaterialPickTexture: Loading 1 faces(PF_R8G8B8,1x1x1) with 0 generated mipmaps from Image. Internal format is PF_X8R8G8B8,1x1x1.
15:34:14: Texture: ogre_tools::Shape357MaterialPickTexture: Loading 1 faces(PF_R8G8B8,1x1x1) with 0 generated mipmaps from Image. Internal format is PF_X8R8G8B8,1x1x1.
15:34:14: Texture: ogre_tools::Shape360MaterialPickTexture: Loading 1 faces(PF_R8G8B8,1x1x1) with 0 generated mipmaps from Image. Internal format is PF_X8R8G8B8,1x1x1.
15:34:14: Texture: ogre_tools::Shape361MaterialPickTexture: Loading 1 faces(PF_R8G8B8,1x1x1) with 0 generated mipmaps from Image. Internal format is PF_X8R8G8B8,1x1x1.
15:34:14: Texture: ogre_tools::Shape362MaterialPickTexture: Loading 1 faces(PF_R8G8B8,1x1x1) with 0 generated mipmaps from Image. Internal format is PF_X8R8G8B8,1x1x1.
15:34:14: Texture: ogre_tools::Shape365MaterialPickTexture: Loading 1 faces(PF_R8G8B8,1x1x1) with 0 generated mipmaps from Image. Internal format is PF_X8R8G8B8,1x1x1.
15:34:14: Texture: ogre_tools::Shape366MaterialPickTexture: Loading 1 faces(PF_R8G8B8,1x1x1) with 0 generated mipmaps from Image. Internal format is PF_X8R8G8B8,1x1x1.
15:34:14: Texture: ogre_tools::Shape367MaterialPickTexture: Loading 1 faces(PF_R8G8B8,1x1x1) with 0 generated mipmaps from Image. Internal format is PF_X8R8G8B8,1x1x1.
15:34:14: Texture: ogre_tools::Shape370MaterialPickTexture: Loading 1 faces(PF_R8G8B8,1x1x1) with 0 generated mipmaps from Image. Internal format is PF_X8R8G8B8,1x1x1.
15:34:14: Texture: ogre_tools::Shape371MaterialPickTexture: Loading 1 faces(PF_R8G8B8,1x1x1) with 0 generated mipmaps from Image. Internal format is PF_X8R8G8B8,1x1x1.
15:34:14: Texture: ogre_tools::Shape372MaterialPickTexture: Loading 1 faces(PF_R8G8B8,1x1x1) with 0 generated mipmaps from Image. Internal format is PF_X8R8G8B8,1x1x1.
15:34:14: Texture: ogre_tools::Shape375MaterialPickTexture: Loading 1 faces(PF_R8G8B8,1x1x1) with 0 generated mipmaps from Image. Internal format is PF_X8R8G8B8,1x1x1.
15:34:14: Texture: ogre_tools::Shape376MaterialPickTexture: Loading 1 faces(PF_R8G8B8,1x1x1) with 0 generated mipmaps from Image. Internal format is PF_X8R8G8B8,1x1x1.
15:34:14: Texture: ogre_tools::Shape377MaterialPickTexture: Loading 1 faces(PF_R8G8B8,1x1x1) with 0 generated mipmaps from Image. Internal format is PF_X8R8G8B8,1x1x1.
15:34:14: Texture: ogre_tools::Shape380MaterialPickTexture: Loading 1 faces(PF_R8G8B8,1x1x1) with 0 generated mipmaps from Image. Internal format is PF_X8R8G8B8,1x1x1.
15:34:14: Texture: ogre_tools::Shape381MaterialPickTexture: Loading 1 faces(PF_R8G8B8,1x1x1) with 0 generated mipmaps from Image. Internal format is PF_X8R8G8B8,1x1x1.
15:34:14: Texture: ogre_tools::Shape382MaterialPickTexture: Loading 1 faces(PF_R8G8B8,1x1x1) with 0 generated mipmaps from Image. Internal format is PF_X8R8G8B8,1x1x1.
15:34:14: Texture: ogre_tools::Shape385MaterialPickTexture: Loading 1 faces(PF_R8G8B8,1x1x1) with 0 generated mipmaps from Image. Internal format is PF_X8R8G8B8,1x1x1.
15:34:14: Texture: ogre_tools::Shape386MaterialPickTexture: Loading 1 faces(PF_R8G8B8,1x1x1) with 0 generated mipmaps from Image. Internal format is PF_X8R8G8B8,1x1x1.
15:34:14: Texture: ogre_tools::Shape387MaterialPickTexture: Loading 1 faces(PF_R8G8B8,1x1x1) with 0 generated mipmaps from Image. Internal format is PF_X8R8G8B8,1x1x1.
15:34:14: Texture: ogre_tools::Shape390MaterialPickTexture: Loading 1 faces(PF_R8G8B8,1x1x1) with 0 generated mipmaps from Image. Internal format is PF_X8R8G8B8,1x1x1.
15:34:14: Texture: ogre_tools::Shape391MaterialPickTexture: Loading 1 faces(PF_R8G8B8,1x1x1) with 0 generated mipmaps from Image. Internal format is PF_X8R8G8B8,1x1x1.
15:34:14: Texture: ogre_tools::Shape392MaterialPickTexture: Loading 1 faces(PF_R8G8B8,1x1x1) with 0 generated mipmaps from Image. Internal format is PF_X8R8G8B8,1x1x1.
15:34:14: Texture: ogre_tools::Shape395MaterialPickTexture: Loading 1 faces(PF_R8G8B8,1x1x1) with 0 generated mipmaps from Image. Internal format is PF_X8R8G8B8,1x1x1.
15:34:14: Texture: ogre_tools::Shape396MaterialPickTexture: Loading 1 faces(PF_R8G8B8,1x1x1) with 0 generated mipmaps from Image. Internal format is PF_X8R8G8B8,1x1x1.
15:34:14: Texture: ogre_tools::Shape397MaterialPickTexture: Loading 1 faces(PF_R8G8B8,1x1x1) with 0 generated mipmaps from Image. Internal format is PF_X8R8G8B8,1x1x1.
15:42:47: *-*-* OGRE Shutdown
15:42:47: Unregistering ResourceManager for type Compositor
15:42:47: Unregistering ResourceManager for type Font
15:42:47: Unregistering ResourceManager for type Skeleton
15:42:47: Unregistering ResourceManager for type Mesh
15:42:47: Unregistering ResourceManager for type HighLevelGpuProgram
15:42:47: Uninstalling plugin: Cg Program Manager
15:42:47: Plugin successfully uninstalled
15:42:47: Unloading library Plugin_CgProgramManager
15:42:47: Uninstalling plugin: ParticleFX
15:42:47: Plugin successfully uninstalled
15:42:47: Unloading library Plugin_ParticleFX
15:42:47: Uninstalling plugin: Octree & Terrain Scene Manager
15:42:47: Plugin successfully uninstalled
15:42:47: Unloading library Plugin_OctreeSceneManager
15:42:47: Uninstalling plugin: GL RenderSystem
15:42:47: Unregistering ResourceManager for type GpuProgram
15:42:47: ******************************
*** Stopping GLX Subsystem ***
******************************
15:42:47: Unregistering ResourceManager for type Texture
15:42:47: Plugin successfully uninstalled
15:42:47: Unloading library RenderSystem_GL
15:42:47: Unregistering ResourceManager for type Material
